2018-11-30 16:59:49,183 [52] DEBUG AtPar.Init.Service.ManageProfilesService [AtPar-System] [Init] [S] - UpdateProfileInfo:
2018-11-30 16:59:49,184 [52] DEBUG AtPar.Common.Repos.CommonRepository [AtPar-System] [Init] [S] - GetConfigData:
2018-11-30 16:59:49,187 [52] INFO  AtPar.Common.Repos.CommonRepository [AtPar-System] [Init] [S] - GetConfigData: Query: SELECT TAB_ID, PARAMETER_ID, PARAMETER_VALUE FROM ATPAR_MT_AJAYWEB411.MT_ATPAR_CONFIGURATION_SECTION_DTLS WHERE PARAMETER_ID IN ('ENTERPRISESYSTEM'):
2018-11-30 16:59:49,198 [52] DEBUG AtPar.Init.Repos.ManageProfilesRepository [AtPar-System] [Init] [S] - UpdateProfileInfo:
2018-11-30 16:59:49,204 [52] DEBUG AtPar.Init.Repos.ManageProfilesRepository [AtPar-System] [Init] [S] - UpdateUserAndUserAcl:
2018-11-30 16:59:49,205 [52] DEBUG AtPar.Init.Repos.ManageProfilesRepository [AtPar-System] [Init] [S] - GetuserIdList:
2018-11-30 16:59:49,205 [52] INFO  AtPar.Init.Repos.ManageProfilesRepository [AtPar-System] [Init] [S] - GetuserIdList: Query: SELECT USER_ID FROM ATPAR_MT_AJAYWEB411.MT_ATPAR_USER WHERE PROFILE_ID='t1'
2018-11-30 16:59:49,209 [52] DEBUG AtPar.Init.Repos.ManageProfilesRepository [AtPar-System] [Init] [S] - UpdateProfile:
2018-11-30 16:59:49,210 [52] INFO  AtPar.Init.Repos.ManageProfilesRepository [AtPar-System] [Init] [S] - UpdateProfile: Query: UPDATE ATPAR_MT_AJAYWEB411.MT_ATPAR_PROFILE SET PROFILE_DESCRIPTION='t1' WHERE PROFILE_ID='t1'
2018-11-30 16:59:49,307 [52] DEBUG AtPar.Init.Repos.ManageProfilesRepository [AtPar-System] [Init] [S] - GetprofileAppAclCount:
2018-11-30 16:59:49,309 [52] INFO  AtPar.Init.Repos.ManageProfilesRepository [AtPar-System] [Init] [S] - GetprofileAppAclCount: Query: SELECT COUNT(APP_ID) FROM ATPAR_MT_AJAYWEB411.MT_ATPAR_PROFILE_APP_ACL WHERE PROFILE_ID= 't1' AND  APP_ID = '0'
2018-11-30 16:59:49,314 [52] DEBUG AtPar.Init.Repos.ManageProfilesRepository [AtPar-System] [Init] [S] - InsertProfileACL:
2018-11-30 16:59:49,315 [52] INFO  AtPar.Init.Repos.ManageProfilesRepository [AtPar-System] [Init] [S] - InsertProfileACL: Query: INSERT INTO ATPAR_MT_AJAYWEB411.MT_ATPAR_PROFILE_APP_ACL(PROFILE_ID, APP_ID, CLIENT_USER, SERVER_USER, LAST_UPDATE_DATE,LAST_UPDATE_USER, LAST_CLIENT_ADDRESS) VALUES('t1','0','N','Y','11/30/2018 4:59:49 PM','S','test')
2018-11-30 16:59:49,323 [52] DEBUG AtPar.Init.Repos.ManageProfilesRepository [AtPar-System] [Init] [S] - DeleteprofileListView:
2018-11-30 16:59:49,324 [52] INFO  AtPar.Init.Repos.ManageProfilesRepository [AtPar-System] [Init] [S] - DeleteprofileListView: Query: DELETE FROM ATPAR_MT_AJAYWEB411.MT_ATPAR_PROFILE_LIST_VIEW WHERE PROFILE_ID='t1' AND APP_ID='0'
2018-11-30 16:59:49,327 [52] DEBUG AtPar.Init.Repos.ManageProfilesRepository [AtPar-System] [Init] [S] - GetprofileAppAclCount:
2018-11-30 16:59:49,328 [52] INFO  AtPar.Init.Repos.ManageProfilesRepository [AtPar-System] [Init] [S] - GetprofileAppAclCount: Query: SELECT COUNT(APP_ID) FROM ATPAR_MT_AJAYWEB411.MT_ATPAR_PROFILE_APP_ACL WHERE PROFILE_ID= 't1' AND  APP_ID = '2'
2018-11-30 16:59:49,331 [52] DEBUG AtPar.Init.Repos.ManageProfilesRepository [AtPar-System] [Init] [S] - InsertProfileACL:
2018-11-30 16:59:49,331 [52] INFO  AtPar.Init.Repos.ManageProfilesRepository [AtPar-System] [Init] [S] - InsertProfileACL: Query: INSERT INTO ATPAR_MT_AJAYWEB411.MT_ATPAR_PROFILE_APP_ACL(PROFILE_ID, APP_ID, CLIENT_USER, SERVER_USER, LAST_UPDATE_DATE,LAST_UPDATE_USER, LAST_CLIENT_ADDRESS) VALUES('t1','2','N','Y','11/30/2018 4:59:49 PM','S','test')
2018-11-30 16:59:49,334 [52] DEBUG AtPar.Init.Repos.ManageProfilesRepository [AtPar-System] [Init] [S] - DeleteprofileListView:
2018-11-30 16:59:49,335 [52] INFO  AtPar.Init.Repos.ManageProfilesRepository [AtPar-System] [Init] [S] - DeleteprofileListView: Query: DELETE FROM ATPAR_MT_AJAYWEB411.MT_ATPAR_PROFILE_LIST_VIEW WHERE PROFILE_ID='t1' AND APP_ID='2'
2018-11-30 16:59:49,338 [52] DEBUG AtPar.Init.Repos.ManageProfilesRepository [AtPar-System] [Init] [S] - GetprofileAppAclCount:
2018-11-30 16:59:49,339 [52] INFO  AtPar.Init.Repos.ManageProfilesRepository [AtPar-System] [Init] [S] - GetprofileAppAclCount: Query: SELECT COUNT(APP_ID) FROM ATPAR_MT_AJAYWEB411.MT_ATPAR_PROFILE_APP_ACL WHERE PROFILE_ID= 't1' AND  APP_ID = '3'
2018-11-30 16:59:49,343 [52] DEBUG AtPar.Init.Repos.ManageProfilesRepository [AtPar-System] [Init] [S] - InsertProfileACL:
2018-11-30 16:59:49,344 [52] INFO  AtPar.Init.Repos.ManageProfilesRepository [AtPar-System] [Init] [S] - InsertProfileACL: Query: INSERT INTO ATPAR_MT_AJAYWEB411.MT_ATPAR_PROFILE_APP_ACL(PROFILE_ID, APP_ID, CLIENT_USER, SERVER_USER, LAST_UPDATE_DATE,LAST_UPDATE_USER, LAST_CLIENT_ADDRESS) VALUES('t1','3','N','Y','11/30/2018 4:59:49 PM','S','test')
2018-11-30 16:59:49,346 [52] DEBUG AtPar.Init.Repos.ManageProfilesRepository [AtPar-System] [Init] [S] - DeleteprofileListView:
2018-11-30 16:59:49,347 [52] INFO  AtPar.Init.Repos.ManageProfilesRepository [AtPar-System] [Init] [S] - DeleteprofileListView: Query: DELETE FROM ATPAR_MT_AJAYWEB411.MT_ATPAR_PROFILE_LIST_VIEW WHERE PROFILE_ID='t1' AND APP_ID='3'
2018-11-30 16:59:49,349 [52] DEBUG AtPar.Init.Repos.ManageProfilesRepository [AtPar-System] [Init] [S] - GetprofileAppAclCount:
2018-11-30 16:59:49,350 [52] INFO  AtPar.Init.Repos.ManageProfilesRepository [AtPar-System] [Init] [S] - GetprofileAppAclCount: Query: SELECT COUNT(APP_ID) FROM ATPAR_MT_AJAYWEB411.MT_ATPAR_PROFILE_APP_ACL WHERE PROFILE_ID= 't1' AND  APP_ID = '4'
2018-11-30 16:59:49,353 [52] DEBUG AtPar.Init.Repos.ManageProfilesRepository [AtPar-System] [Init] [S] - InsertProfileACL:
2018-11-30 16:59:49,354 [52] INFO  AtPar.Init.Repos.ManageProfilesRepository [AtPar-System] [Init] [S] - InsertProfileACL: Query: INSERT INTO ATPAR_MT_AJAYWEB411.MT_ATPAR_PROFILE_APP_ACL(PROFILE_ID, APP_ID, CLIENT_USER, SERVER_USER, LAST_UPDATE_DATE,LAST_UPDATE_USER, LAST_CLIENT_ADDRESS) VALUES('t1','4','N','Y','11/30/2018 4:59:49 PM','S','test')
2018-11-30 16:59:49,356 [52] DEBUG AtPar.Init.Repos.ManageProfilesRepository [AtPar-System] [Init] [S] - DeleteprofileListView:
2018-11-30 16:59:49,357 [52] INFO  AtPar.Init.Repos.ManageProfilesRepository [AtPar-System] [Init] [S] - DeleteprofileListView: Query: DELETE FROM ATPAR_MT_AJAYWEB411.MT_ATPAR_PROFILE_LIST_VIEW WHERE PROFILE_ID='t1' AND APP_ID='4'
2018-11-30 16:59:49,370 [52] DEBUG AtPar.Init.Repos.ManageProfilesRepository [AtPar-System] [Init] [S] - GetprofileAppAclCount:
2018-11-30 16:59:49,371 [52] INFO  AtPar.Init.Repos.ManageProfilesRepository [AtPar-System] [Init] [S] - GetprofileAppAclCount: Query: SELECT COUNT(APP_ID) FROM ATPAR_MT_AJAYWEB411.MT_ATPAR_PROFILE_APP_ACL WHERE PROFILE_ID= 't1' AND  APP_ID = '5'
2018-11-30 16:59:49,374 [52] DEBUG AtPar.Init.Repos.ManageProfilesRepository [AtPar-System] [Init] [S] - InsertProfileACL:
2018-11-30 16:59:49,375 [52] INFO  AtPar.Init.Repos.ManageProfilesRepository [AtPar-System] [Init] [S] - InsertProfileACL: Query: INSERT INTO ATPAR_MT_AJAYWEB411.MT_ATPAR_PROFILE_APP_ACL(PROFILE_ID, APP_ID, CLIENT_USER, SERVER_USER, LAST_UPDATE_DATE,LAST_UPDATE_USER, LAST_CLIENT_ADDRESS) VALUES('t1','5','N','Y','11/30/2018 4:59:49 PM','S','test')
2018-11-30 16:59:49,377 [52] DEBUG AtPar.Init.Repos.ManageProfilesRepository [AtPar-System] [Init] [S] - DeleteprofileListView:
2018-11-30 16:59:49,377 [52] INFO  AtPar.Init.Repos.ManageProfilesRepository [AtPar-System] [Init] [S] - DeleteprofileListView: Query: DELETE FROM ATPAR_MT_AJAYWEB411.MT_ATPAR_PROFILE_LIST_VIEW WHERE PROFILE_ID='t1' AND APP_ID='5'
2018-11-30 16:59:49,380 [52] DEBUG AtPar.Init.Repos.ManageProfilesRepository [AtPar-System] [Init] [S] - GetprofileAppAclCount:
2018-11-30 16:59:49,381 [52] INFO  AtPar.Init.Repos.ManageProfilesRepository [AtPar-System] [Init] [S] - GetprofileAppAclCount: Query: SELECT COUNT(APP_ID) FROM ATPAR_MT_AJAYWEB411.MT_ATPAR_PROFILE_APP_ACL WHERE PROFILE_ID= 't1' AND  APP_ID = '6'
2018-11-30 16:59:49,383 [52] DEBUG AtPar.Init.Repos.ManageProfilesRepository [AtPar-System] [Init] [S] - InsertProfileACL:
2018-11-30 16:59:49,384 [52] INFO  AtPar.Init.Repos.ManageProfilesRepository [AtPar-System] [Init] [S] - InsertProfileACL: Query: INSERT INTO ATPAR_MT_AJAYWEB411.MT_ATPAR_PROFILE_APP_ACL(PROFILE_ID, APP_ID, CLIENT_USER, SERVER_USER, LAST_UPDATE_DATE,LAST_UPDATE_USER, LAST_CLIENT_ADDRESS) VALUES('t1','6','N','Y','11/30/2018 4:59:49 PM','S','test')
2018-11-30 16:59:49,386 [52] DEBUG AtPar.Init.Repos.ManageProfilesRepository [AtPar-System] [Init] [S] - DeleteprofileListView:
2018-11-30 16:59:49,387 [52] INFO  AtPar.Init.Repos.ManageProfilesRepository [AtPar-System] [Init] [S] - DeleteprofileListView: Query: DELETE FROM ATPAR_MT_AJAYWEB411.MT_ATPAR_PROFILE_LIST_VIEW WHERE PROFILE_ID='t1' AND APP_ID='6'
2018-11-30 16:59:49,390 [52] DEBUG AtPar.Init.Repos.ManageProfilesRepository [AtPar-System] [Init] [S] - GetprofileAppAclCount:
2018-11-30 16:59:49,391 [52] INFO  AtPar.Init.Repos.ManageProfilesRepository [AtPar-System] [Init] [S] - GetprofileAppAclCount: Query: SELECT COUNT(APP_ID) FROM ATPAR_MT_AJAYWEB411.MT_ATPAR_PROFILE_APP_ACL WHERE PROFILE_ID= 't1' AND  APP_ID = '7'
2018-11-30 16:59:49,394 [52] DEBUG AtPar.Init.Repos.ManageProfilesRepository [AtPar-System] [Init] [S] - InsertProfileACL:
2018-11-30 16:59:49,394 [52] INFO  AtPar.Init.Repos.ManageProfilesRepository [AtPar-System] [Init] [S] - InsertProfileACL: Query: INSERT INTO ATPAR_MT_AJAYWEB411.MT_ATPAR_PROFILE_APP_ACL(PROFILE_ID, APP_ID, CLIENT_USER, SERVER_USER, LAST_UPDATE_DATE,LAST_UPDATE_USER, LAST_CLIENT_ADDRESS) VALUES('t1','7','N','Y','11/30/2018 4:59:49 PM','S','test')
2018-11-30 16:59:49,397 [52] DEBUG AtPar.Init.Repos.ManageProfilesRepository [AtPar-System] [Init] [S] - DeleteprofileListView:
2018-11-30 16:59:49,397 [52] INFO  AtPar.Init.Repos.ManageProfilesRepository [AtPar-System] [Init] [S] - DeleteprofileListView: Query: DELETE FROM ATPAR_MT_AJAYWEB411.MT_ATPAR_PROFILE_LIST_VIEW WHERE PROFILE_ID='t1' AND APP_ID='7'
2018-11-30 16:59:49,399 [52] DEBUG AtPar.Init.Repos.ManageProfilesRepository [AtPar-System] [Init] [S] - GetprofileAppAclCount:
2018-11-30 16:59:49,400 [52] INFO  AtPar.Init.Repos.ManageProfilesRepository [AtPar-System] [Init] [S] - GetprofileAppAclCount: Query: SELECT COUNT(APP_ID) FROM ATPAR_MT_AJAYWEB411.MT_ATPAR_PROFILE_APP_ACL WHERE PROFILE_ID= 't1' AND  APP_ID = '9'
2018-11-30 16:59:49,403 [52] DEBUG AtPar.Init.Repos.ManageProfilesRepository [AtPar-System] [Init] [S] - InsertProfileACL:
2018-11-30 16:59:49,404 [52] INFO  AtPar.Init.Repos.ManageProfilesRepository [AtPar-System] [Init] [S] - InsertProfileACL: Query: INSERT INTO ATPAR_MT_AJAYWEB411.MT_ATPAR_PROFILE_APP_ACL(PROFILE_ID, APP_ID, CLIENT_USER, SERVER_USER, LAST_UPDATE_DATE,LAST_UPDATE_USER, LAST_CLIENT_ADDRESS) VALUES('t1','9','N','Y','11/30/2018 4:59:49 PM','S','test')
2018-11-30 16:59:49,406 [52] DEBUG AtPar.Init.Repos.ManageProfilesRepository [AtPar-System] [Init] [S] - DeleteprofileListView:
2018-11-30 16:59:49,407 [52] INFO  AtPar.Init.Repos.ManageProfilesRepository [AtPar-System] [Init] [S] - DeleteprofileListView: Query: DELETE FROM ATPAR_MT_AJAYWEB411.MT_ATPAR_PROFILE_LIST_VIEW WHERE PROFILE_ID='t1' AND APP_ID='9'
2018-11-30 16:59:49,409 [52] DEBUG AtPar.Init.Repos.ManageProfilesRepository [AtPar-System] [Init] [S] - GetprofileAppAclCount:
2018-11-30 16:59:49,410 [52] INFO  AtPar.Init.Repos.ManageProfilesRepository [AtPar-System] [Init] [S] - GetprofileAppAclCount: Query: SELECT COUNT(APP_ID) FROM ATPAR_MT_AJAYWEB411.MT_ATPAR_PROFILE_APP_ACL WHERE PROFILE_ID= 't1' AND  APP_ID = '10'
2018-11-30 16:59:49,413 [52] DEBUG AtPar.Init.Repos.ManageProfilesRepository [AtPar-System] [Init] [S] - InsertProfileACL:
2018-11-30 16:59:49,414 [52] INFO  AtPar.Init.Repos.ManageProfilesRepository [AtPar-System] [Init] [S] - InsertProfileACL: Query: INSERT INTO ATPAR_MT_AJAYWEB411.MT_ATPAR_PROFILE_APP_ACL(PROFILE_ID, APP_ID, CLIENT_USER, SERVER_USER, LAST_UPDATE_DATE,LAST_UPDATE_USER, LAST_CLIENT_ADDRESS) VALUES('t1','10','N','Y','11/30/2018 4:59:49 PM','S','test')
2018-11-30 16:59:49,416 [52] DEBUG AtPar.Init.Repos.ManageProfilesRepository [AtPar-System] [Init] [S] - DeleteprofileListView:
2018-11-30 16:59:49,417 [52] INFO  AtPar.Init.Repos.ManageProfilesRepository [AtPar-System] [Init] [S] - DeleteprofileListView: Query: DELETE FROM ATPAR_MT_AJAYWEB411.MT_ATPAR_PROFILE_LIST_VIEW WHERE PROFILE_ID='t1' AND APP_ID='10'
2018-11-30 16:59:49,420 [52] DEBUG AtPar.Init.Repos.ManageProfilesRepository [AtPar-System] [Init] [S] - GetprofileAppAclCount:
2018-11-30 16:59:49,421 [52] INFO  AtPar.Init.Repos.ManageProfilesRepository [AtPar-System] [Init] [S] - GetprofileAppAclCount: Query: SELECT COUNT(APP_ID) FROM ATPAR_MT_AJAYWEB411.MT_ATPAR_PROFILE_APP_ACL WHERE PROFILE_ID= 't1' AND  APP_ID = '11'
2018-11-30 16:59:49,423 [52] DEBUG AtPar.Init.Repos.ManageProfilesRepository [AtPar-System] [Init] [S] - InsertProfileACL:
2018-11-30 16:59:49,424 [52] INFO  AtPar.Init.Repos.ManageProfilesRepository [AtPar-System] [Init] [S] - InsertProfileACL: Query: INSERT INTO ATPAR_MT_AJAYWEB411.MT_ATPAR_PROFILE_APP_ACL(PROFILE_ID, APP_ID, CLIENT_USER, SERVER_USER, LAST_UPDATE_DATE,LAST_UPDATE_USER, LAST_CLIENT_ADDRESS) VALUES('t1','11','N','Y','11/30/2018 4:59:49 PM','S','test')
2018-11-30 16:59:49,426 [52] DEBUG AtPar.Init.Repos.ManageProfilesRepository [AtPar-System] [Init] [S] - DeleteprofileListView:
2018-11-30 16:59:49,426 [52] INFO  AtPar.Init.Repos.ManageProfilesRepository [AtPar-System] [Init] [S] - DeleteprofileListView: Query: DELETE FROM ATPAR_MT_AJAYWEB411.MT_ATPAR_PROFILE_LIST_VIEW WHERE PROFILE_ID='t1' AND APP_ID='11'
2018-11-30 16:59:49,429 [52] DEBUG AtPar.Init.Repos.ManageProfilesRepository [AtPar-System] [Init] [S] - GetprofileAppAclCount:
2018-11-30 16:59:49,429 [52] INFO  AtPar.Init.Repos.ManageProfilesRepository [AtPar-System] [Init] [S] - GetprofileAppAclCount: Query: SELECT COUNT(APP_ID) FROM ATPAR_MT_AJAYWEB411.MT_ATPAR_PROFILE_APP_ACL WHERE PROFILE_ID= 't1' AND  APP_ID = '12'
2018-11-30 16:59:49,431 [52] DEBUG AtPar.Init.Repos.ManageProfilesRepository [AtPar-System] [Init] [S] - InsertProfileACL:
2018-11-30 16:59:49,432 [52] INFO  AtPar.Init.Repos.ManageProfilesRepository [AtPar-System] [Init] [S] - InsertProfileACL: Query: INSERT INTO ATPAR_MT_AJAYWEB411.MT_ATPAR_PROFILE_APP_ACL(PROFILE_ID, APP_ID, CLIENT_USER, SERVER_USER, LAST_UPDATE_DATE,LAST_UPDATE_USER, LAST_CLIENT_ADDRESS) VALUES('t1','12','N','Y','11/30/2018 4:59:49 PM','S','test')
2018-11-30 16:59:49,434 [52] DEBUG AtPar.Init.Repos.ManageProfilesRepository [AtPar-System] [Init] [S] - DeleteprofileListView:
2018-11-30 16:59:49,434 [52] INFO  AtPar.Init.Repos.ManageProfilesRepository [AtPar-System] [Init] [S] - DeleteprofileListView: Query: DELETE FROM ATPAR_MT_AJAYWEB411.MT_ATPAR_PROFILE_LIST_VIEW WHERE PROFILE_ID='t1' AND APP_ID='12'
2018-11-30 16:59:49,436 [52] DEBUG AtPar.Init.Repos.ManageProfilesRepository [AtPar-System] [Init] [S] - GetprofileAppAclCount:
2018-11-30 16:59:49,437 [52] INFO  AtPar.Init.Repos.ManageProfilesRepository [AtPar-System] [Init] [S] - GetprofileAppAclCount: Query: SELECT COUNT(APP_ID) FROM ATPAR_MT_AJAYWEB411.MT_ATPAR_PROFILE_APP_ACL WHERE PROFILE_ID= 't1' AND  APP_ID = '15'
2018-11-30 16:59:49,439 [52] DEBUG AtPar.Init.Repos.ManageProfilesRepository [AtPar-System] [Init] [S] - InsertProfileACL:
2018-11-30 16:59:49,439 [52] INFO  AtPar.Init.Repos.ManageProfilesRepository [AtPar-System] [Init] [S] - InsertProfileACL: Query: INSERT INTO ATPAR_MT_AJAYWEB411.MT_ATPAR_PROFILE_APP_ACL(PROFILE_ID, APP_ID, CLIENT_USER, SERVER_USER, LAST_UPDATE_DATE,LAST_UPDATE_USER, LAST_CLIENT_ADDRESS) VALUES('t1','15','N','Y','11/30/2018 4:59:49 PM','S','test')
2018-11-30 16:59:49,441 [52] DEBUG AtPar.Init.Repos.ManageProfilesRepository [AtPar-System] [Init] [S] - DeleteprofileListView:
2018-11-30 16:59:49,442 [52] INFO  AtPar.Init.Repos.ManageProfilesRepository [AtPar-System] [Init] [S] - DeleteprofileListView: Query: DELETE FROM ATPAR_MT_AJAYWEB411.MT_ATPAR_PROFILE_LIST_VIEW WHERE PROFILE_ID='t1' AND APP_ID='15'
2018-11-30 16:59:49,444 [52] DEBUG AtPar.Init.Repos.ManageProfilesRepository [AtPar-System] [Init] [S] - GetprofileAppAclCount:
2018-11-30 16:59:49,444 [52] INFO  AtPar.Init.Repos.ManageProfilesRepository [AtPar-System] [Init] [S] - GetprofileAppAclCount: Query: SELECT COUNT(APP_ID) FROM ATPAR_MT_AJAYWEB411.MT_ATPAR_PROFILE_APP_ACL WHERE PROFILE_ID= 't1' AND  APP_ID = '20'
2018-11-30 16:59:49,447 [52] DEBUG AtPar.Init.Repos.ManageProfilesRepository [AtPar-System] [Init] [S] - InsertProfileACL:
2018-11-30 16:59:49,448 [52] INFO  AtPar.Init.Repos.ManageProfilesRepository [AtPar-System] [Init] [S] - InsertProfileACL: Query: INSERT INTO ATPAR_MT_AJAYWEB411.MT_ATPAR_PROFILE_APP_ACL(PROFILE_ID, APP_ID, CLIENT_USER, SERVER_USER, LAST_UPDATE_DATE,LAST_UPDATE_USER, LAST_CLIENT_ADDRESS) VALUES('t1','20','N','Y','11/30/2018 4:59:49 PM','S','test')
2018-11-30 16:59:49,450 [52] DEBUG AtPar.Init.Repos.ManageProfilesRepository [AtPar-System] [Init] [S] - DeleteprofileListView:
2018-11-30 16:59:49,450 [52] INFO  AtPar.Init.Repos.ManageProfilesRepository [AtPar-System] [Init] [S] - DeleteprofileListView: Query: DELETE FROM ATPAR_MT_AJAYWEB411.MT_ATPAR_PROFILE_LIST_VIEW WHERE PROFILE_ID='t1' AND APP_ID='20'
2018-11-30 16:59:49,452 [52] DEBUG AtPar.Init.Repos.ManageProfilesRepository [AtPar-System] [Init] [S] - GetprofileAppAclCount:
2018-11-30 16:59:49,453 [52] INFO  AtPar.Init.Repos.ManageProfilesRepository [AtPar-System] [Init] [S] - GetprofileAppAclCount: Query: SELECT COUNT(APP_ID) FROM ATPAR_MT_AJAYWEB411.MT_ATPAR_PROFILE_APP_ACL WHERE PROFILE_ID= 't1' AND  APP_ID = '100'
2018-11-30 16:59:49,456 [52] DEBUG AtPar.Init.Repos.ManageProfilesRepository [AtPar-System] [Init] [S] - InsertProfileACL:
2018-11-30 16:59:49,457 [52] INFO  AtPar.Init.Repos.ManageProfilesRepository [AtPar-System] [Init] [S] - InsertProfileACL: Query: INSERT INTO ATPAR_MT_AJAYWEB411.MT_ATPAR_PROFILE_APP_ACL(PROFILE_ID, APP_ID, CLIENT_USER, SERVER_USER, LAST_UPDATE_DATE,LAST_UPDATE_USER, LAST_CLIENT_ADDRESS) VALUES('t1','100','N','Y','11/30/2018 4:59:49 PM','S','test')
2018-11-30 16:59:49,459 [52] DEBUG AtPar.Init.Repos.ManageProfilesRepository [AtPar-System] [Init] [S] - DeleteprofileListView:
2018-11-30 16:59:49,460 [52] INFO  AtPar.Init.Repos.ManageProfilesRepository [AtPar-System] [Init] [S] - DeleteprofileListView: Query: DELETE FROM ATPAR_MT_AJAYWEB411.MT_ATPAR_PROFILE_LIST_VIEW WHERE PROFILE_ID='t1' AND APP_ID='100'
2018-11-30 16:59:49,462 [52] DEBUG AtPar.Init.Repos.ManageProfilesRepository [AtPar-System] [Init] [S] - GetprofileParametersIdCount:
2018-11-30 16:59:49,462 [52] INFO  AtPar.Init.Repos.ManageProfilesRepository [AtPar-System] [Init] [S] - GetprofileParametersIdCount: Query: SELECT COUNT(PARAMETER_ID) FROM ATPAR_MT_AJAYWEB411.MT_ATPAR_PROFILE_PARAMETERS WHERE PROFILE_ID='t1' AND APP_ID='2' AND PARAMETER_ID='ALLOW_CART_PUTAWAY_ONLY'
2018-11-30 16:59:49,466 [52] DEBUG AtPar.Init.Repos.ManageProfilesRepository [AtPar-System] [Init] [S] - InsertprofileParameters:
2018-11-30 16:59:49,467 [52] INFO  AtPar.Init.Repos.ManageProfilesRepository [AtPar-System] [Init] [S] - InsertprofileParameters: Query: INSERT INTO ATPAR_MT_AJAYWEB411.MT_ATPAR_PROFILE_PARAMETERS(PROFILE_ID, APP_ID,PARAMETER_ID, PARAMETER_VALUE, LAST_UPDATE_DATE, LAST_UPDATE_USER, LAST_CLIENT_ADDRESS) VALUES('t1','2','ALLOW_CART_PUTAWAY_ONLY','N','11/30/2018 4:59:49 PM','S','test')
2018-11-30 16:59:49,471 [52] DEBUG AtPar.Init.Repos.ManageProfilesRepository [AtPar-System] [Init] [S] - GetprofileParametersIdCount:
2018-11-30 16:59:49,472 [52] INFO  AtPar.Init.Repos.ManageProfilesRepository [AtPar-System] [Init] [S] - GetprofileParametersIdCount: Query: SELECT COUNT(PARAMETER_ID) FROM ATPAR_MT_AJAYWEB411.MT_ATPAR_PROFILE_PARAMETERS WHERE PROFILE_ID='t1' AND APP_ID='2' AND PARAMETER_ID='ALLOW_EDITING_ORDERS'
2018-11-30 16:59:49,474 [52] DEBUG AtPar.Init.Repos.ManageProfilesRepository [AtPar-System] [Init] [S] - InsertprofileParameters:
2018-11-30 16:59:49,476 [52] INFO  AtPar.Init.Repos.ManageProfilesRepository [AtPar-System] [Init] [S] - InsertprofileParameters: Query: INSERT INTO ATPAR_MT_AJAYWEB411.MT_ATPAR_PROFILE_PARAMETERS(PROFILE_ID, APP_ID,PARAMETER_ID, PARAMETER_VALUE, LAST_UPDATE_DATE, LAST_UPDATE_USER, LAST_CLIENT_ADDRESS) VALUES('t1','2','ALLOW_EDITING_ORDERS','N','11/30/2018 4:59:49 PM','S','test')
2018-11-30 16:59:49,479 [52] DEBUG AtPar.Init.Repos.ManageProfilesRepository [AtPar-System] [Init] [S] - GetprofileParametersIdCount:
2018-11-30 16:59:49,480 [52] INFO  AtPar.Init.Repos.ManageProfilesRepository [AtPar-System] [Init] [S] - GetprofileParametersIdCount: Query: SELECT COUNT(PARAMETER_ID) FROM ATPAR_MT_AJAYWEB411.MT_ATPAR_PROFILE_PARAMETERS WHERE PROFILE_ID='t1' AND APP_ID='2' AND PARAMETER_ID='ALLOW_EXCESS_PAR'
2018-11-30 16:59:49,486 [52] DEBUG AtPar.Init.Repos.ManageProfilesRepository [AtPar-System] [Init] [S] - InsertprofileParameters:
2018-11-30 16:59:49,487 [52] INFO  AtPar.Init.Repos.ManageProfilesRepository [AtPar-System] [Init] [S] - InsertprofileParameters: Query: INSERT INTO ATPAR_MT_AJAYWEB411.MT_ATPAR_PROFILE_PARAMETERS(PROFILE_ID, APP_ID,PARAMETER_ID, PARAMETER_VALUE, LAST_UPDATE_DATE, LAST_UPDATE_USER, LAST_CLIENT_ADDRESS) VALUES('t1','2','ALLOW_EXCESS_PAR','N','11/30/2018 4:59:49 PM','S','test')
2018-11-30 16:59:49,490 [52] DEBUG AtPar.Init.Repos.ManageProfilesRepository [AtPar-System] [Init] [S] - GetprofileParametersIdCount:
2018-11-30 16:59:49,490 [52] INFO  AtPar.Init.Repos.ManageProfilesRepository [AtPar-System] [Init] [S] - GetprofileParametersIdCount: Query: SELECT COUNT(PARAMETER_ID) FROM ATPAR_MT_AJAYWEB411.MT_ATPAR_PROFILE_PARAMETERS WHERE PROFILE_ID='t1' AND APP_ID='2' AND PARAMETER_ID='ALLOW_USERS'
2018-11-30 16:59:49,493 [52] DEBUG AtPar.Init.Repos.ManageProfilesRepository [AtPar-System] [Init] [S] - InsertprofileParameters:
2018-11-30 16:59:49,494 [52] INFO  AtPar.Init.Repos.ManageProfilesRepository [AtPar-System] [Init] [S] - InsertprofileParameters: Query: INSERT INTO ATPAR_MT_AJAYWEB411.MT_ATPAR_PROFILE_PARAMETERS(PROFILE_ID, APP_ID,PARAMETER_ID, PARAMETER_VALUE, LAST_UPDATE_DATE, LAST_UPDATE_USER, LAST_CLIENT_ADDRESS) VALUES('t1','2','ALLOW_USERS','N','11/30/2018 4:59:49 PM','S','test')
2018-11-30 16:59:49,496 [52] DEBUG AtPar.Init.Repos.ManageProfilesRepository [AtPar-System] [Init] [S] - GetprofileParametersIdCount:
2018-11-30 16:59:49,497 [52] INFO  AtPar.Init.Repos.ManageProfilesRepository [AtPar-System] [Init] [S] - GetprofileParametersIdCount: Query: SELECT COUNT(PARAMETER_ID) FROM ATPAR_MT_AJAYWEB411.MT_ATPAR_PROFILE_PARAMETERS WHERE PROFILE_ID='t1' AND APP_ID='2' AND PARAMETER_ID='AUTO_FILTERING'
2018-11-30 16:59:49,499 [52] DEBUG AtPar.Init.Repos.ManageProfilesRepository [AtPar-System] [Init] [S] - InsertprofileParameters:
2018-11-30 16:59:49,500 [52] INFO  AtPar.Init.Repos.ManageProfilesRepository [AtPar-System] [Init] [S] - InsertprofileParameters: Query: INSERT INTO ATPAR_MT_AJAYWEB411.MT_ATPAR_PROFILE_PARAMETERS(PROFILE_ID, APP_ID,PARAMETER_ID, PARAMETER_VALUE, LAST_UPDATE_DATE, LAST_UPDATE_USER, LAST_CLIENT_ADDRESS) VALUES('t1','2','AUTO_FILTERING','N','11/30/2018 4:59:49 PM','S','test')
2018-11-30 16:59:49,502 [52] DEBUG AtPar.Init.Repos.ManageProfilesRepository [AtPar-System] [Init] [S] - GetprofileParametersIdCount:
2018-11-30 16:59:49,503 [52] INFO  AtPar.Init.Repos.ManageProfilesRepository [AtPar-System] [Init] [S] - GetprofileParametersIdCount: Query: SELECT COUNT(PARAMETER_ID) FROM ATPAR_MT_AJAYWEB411.MT_ATPAR_PROFILE_PARAMETERS WHERE PROFILE_ID='t1' AND APP_ID='2' AND PARAMETER_ID='CART_BULK_PRINT_OPTION'
2018-11-30 16:59:49,505 [52] DEBUG AtPar.Init.Repos.ManageProfilesRepository [AtPar-System] [Init] [S] - InsertprofileParameters:
2018-11-30 16:59:49,506 [52] INFO  AtPar.Init.Repos.ManageProfilesRepository [AtPar-System] [Init] [S] - InsertprofileParameters: Query: INSERT INTO ATPAR_MT_AJAYWEB411.MT_ATPAR_PROFILE_PARAMETERS(PROFILE_ID, APP_ID,PARAMETER_ID, PARAMETER_VALUE, LAST_UPDATE_DATE, LAST_UPDATE_USER, LAST_CLIENT_ADDRESS) VALUES('t1','2','CART_BULK_PRINT_OPTION','N','11/30/2018 4:59:49 PM','S','test')
2018-11-30 16:59:49,510 [52] DEBUG AtPar.Init.Repos.ManageProfilesRepository [AtPar-System] [Init] [S] - GetprofileParametersIdCount:
2018-11-30 16:59:49,511 [52] INFO  AtPar.Init.Repos.ManageProfilesRepository [AtPar-System] [Init] [S] - GetprofileParametersIdCount: Query: SELECT COUNT(PARAMETER_ID) FROM ATPAR_MT_AJAYWEB411.MT_ATPAR_PROFILE_PARAMETERS WHERE PROFILE_ID='t1' AND APP_ID='2' AND PARAMETER_ID='CART_DEF_CHANGE'
2018-11-30 16:59:49,515 [52] DEBUG AtPar.Init.Repos.ManageProfilesRepository [AtPar-System] [Init] [S] - InsertprofileParameters:
2018-11-30 16:59:49,516 [52] INFO  AtPar.Init.Repos.ManageProfilesRepository [AtPar-System] [Init] [S] - InsertprofileParameters: Query: INSERT INTO ATPAR_MT_AJAYWEB411.MT_ATPAR_PROFILE_PARAMETERS(PROFILE_ID, APP_ID,PARAMETER_ID, PARAMETER_VALUE, LAST_UPDATE_DATE, LAST_UPDATE_USER, LAST_CLIENT_ADDRESS) VALUES('t1','2','CART_DEF_CHANGE','N','11/30/2018 4:59:49 PM','S','test')
2018-11-30 16:59:49,521 [52] DEBUG AtPar.Init.Repos.ManageProfilesRepository [AtPar-System] [Init] [S] - GetprofileParametersIdCount:
2018-11-30 16:59:49,522 [52] INFO  AtPar.Init.Repos.ManageProfilesRepository [AtPar-System] [Init] [S] - GetprofileParametersIdCount: Query: SELECT COUNT(PARAMETER_ID) FROM ATPAR_MT_AJAYWEB411.MT_ATPAR_PROFILE_PARAMETERS WHERE PROFILE_ID='t1' AND APP_ID='2' AND PARAMETER_ID='CHARGE_CAPTURE'
2018-11-30 16:59:49,525 [52] DEBUG AtPar.Init.Repos.ManageProfilesRepository [AtPar-System] [Init] [S] - InsertprofileParameters:
2018-11-30 16:59:49,526 [52] INFO  AtPar.Init.Repos.ManageProfilesRepository [AtPar-System] [Init] [S] - InsertprofileParameters: Query: INSERT INTO ATPAR_MT_AJAYWEB411.MT_ATPAR_PROFILE_PARAMETERS(PROFILE_ID, APP_ID,PARAMETER_ID, PARAMETER_VALUE, LAST_UPDATE_DATE, LAST_UPDATE_USER, LAST_CLIENT_ADDRESS) VALUES('t1','2','CHARGE_CAPTURE','N','11/30/2018 4:59:49 PM','S','test')
2018-11-30 16:59:49,530 [52] DEBUG AtPar.Init.Repos.ManageProfilesRepository [AtPar-System] [Init] [S] - GetprofileParametersIdCount:
2018-11-30 16:59:49,531 [52] INFO  AtPar.Init.Repos.ManageProfilesRepository [AtPar-System] [Init] [S] - GetprofileParametersIdCount: Query: SELECT COUNT(PARAMETER_ID) FROM ATPAR_MT_AJAYWEB411.MT_ATPAR_PROFILE_PARAMETERS WHERE PROFILE_ID='t1' AND APP_ID='2' AND PARAMETER_ID='DEFAULT_BEEP_FREQUENCY'
2018-11-30 16:59:49,537 [52] DEBUG AtPar.Init.Repos.ManageProfilesRepository [AtPar-System] [Init] [S] - InsertprofileParameters:
2018-11-30 16:59:49,538 [52] INFO  AtPar.Init.Repos.ManageProfilesRepository [AtPar-System] [Init] [S] - InsertprofileParameters: Query: INSERT INTO ATPAR_MT_AJAYWEB411.MT_ATPAR_PROFILE_PARAMETERS(PROFILE_ID, APP_ID,PARAMETER_ID, PARAMETER_VALUE, LAST_UPDATE_DATE, LAST_UPDATE_USER, LAST_CLIENT_ADDRESS) VALUES('t1','2','DEFAULT_BEEP_FREQUENCY','750','11/30/2018 4:59:49 PM','S','test')
2018-11-30 16:59:49,541 [52] DEBUG AtPar.Init.Repos.ManageProfilesRepository [AtPar-System] [Init] [S] - GetprofileParametersIdCount:
2018-11-30 16:59:49,542 [52] INFO  AtPar.Init.Repos.ManageProfilesRepository [AtPar-System] [Init] [S] - GetprofileParametersIdCount: Query: SELECT COUNT(PARAMETER_ID) FROM ATPAR_MT_AJAYWEB411.MT_ATPAR_PROFILE_PARAMETERS WHERE PROFILE_ID='t1' AND APP_ID='2' AND PARAMETER_ID='DEFAULT_INPUT'
2018-11-30 16:59:49,547 [52] DEBUG AtPar.Init.Repos.ManageProfilesRepository [AtPar-System] [Init] [S] - InsertprofileParameters:
2018-11-30 16:59:49,548 [52] INFO  AtPar.Init.Repos.ManageProfilesRepository [AtPar-System] [Init] [S] - InsertprofileParameters: Query: INSERT INTO ATPAR_MT_AJAYWEB411.MT_ATPAR_PROFILE_PARAMETERS(PROFILE_ID, APP_ID,PARAMETER_ID, PARAMETER_VALUE, LAST_UPDATE_DATE, LAST_UPDATE_USER, LAST_CLIENT_ADDRESS) VALUES('t1','2','DEFAULT_INPUT','N','11/30/2018 4:59:49 PM','S','test')
2018-11-30 16:59:49,550 [52] DEBUG AtPar.Init.Repos.ManageProfilesRepository [AtPar-System] [Init] [S] - GetprofileParametersIdCount:
2018-11-30 16:59:49,551 [52] INFO  AtPar.Init.Repos.ManageProfilesRepository [AtPar-System] [Init] [S] - GetprofileParametersIdCount: Query: SELECT COUNT(PARAMETER_ID) FROM ATPAR_MT_AJAYWEB411.MT_ATPAR_PROFILE_PARAMETERS WHERE PROFILE_ID='t1' AND APP_ID='2' AND PARAMETER_ID='DEFAULT_LABEL_PRINTER'
2018-11-30 16:59:49,555 [52] DEBUG AtPar.Init.Repos.ManageProfilesRepository [AtPar-System] [Init] [S] - InsertprofileParameters:
2018-11-30 16:59:49,556 [52] INFO  AtPar.Init.Repos.ManageProfilesRepository [AtPar-System] [Init] [S] - InsertprofileParameters: Query: INSERT INTO ATPAR_MT_AJAYWEB411.MT_ATPAR_PROFILE_PARAMETERS(PROFILE_ID, APP_ID,PARAMETER_ID, PARAMETER_VALUE, LAST_UPDATE_DATE, LAST_UPDATE_USER, LAST_CLIENT_ADDRESS) VALUES('t1','2','DEFAULT_LABEL_PRINTER','','11/30/2018 4:59:49 PM','S','test')
2018-11-30 16:59:49,559 [52] DEBUG AtPar.Init.Repos.ManageProfilesRepository [AtPar-System] [Init] [S] - GetprofileParametersIdCount:
2018-11-30 16:59:49,560 [52] INFO  AtPar.Init.Repos.ManageProfilesRepository [AtPar-System] [Init] [S] - GetprofileParametersIdCount: Query: SELECT COUNT(PARAMETER_ID) FROM ATPAR_MT_AJAYWEB411.MT_ATPAR_PROFILE_PARAMETERS WHERE PROFILE_ID='t1' AND APP_ID='2' AND PARAMETER_ID='DEL_ITEMS'
2018-11-30 16:59:49,563 [52] DEBUG AtPar.Init.Repos.ManageProfilesRepository [AtPar-System] [Init] [S] - InsertprofileParameters:
2018-11-30 16:59:49,564 [52] INFO  AtPar.Init.Repos.ManageProfilesRepository [AtPar-System] [Init] [S] - InsertprofileParameters: Query: INSERT INTO ATPAR_MT_AJAYWEB411.MT_ATPAR_PROFILE_PARAMETERS(PROFILE_ID, APP_ID,PARAMETER_ID, PARAMETER_VALUE, LAST_UPDATE_DATE, LAST_UPDATE_USER, LAST_CLIENT_ADDRESS) VALUES('t1','2','DEL_ITEMS','Y','11/30/2018 4:59:49 PM','S','test')
2018-11-30 16:59:49,567 [52] DEBUG AtPar.Init.Repos.ManageProfilesRepository [AtPar-System] [Init] [S] - GetprofileParametersIdCount:
2018-11-30 16:59:49,568 [52] INFO  AtPar.Init.Repos.ManageProfilesRepository [AtPar-System] [Init] [S] - GetprofileParametersIdCount: Query: SELECT COUNT(PARAMETER_ID) FROM ATPAR_MT_AJAYWEB411.MT_ATPAR_PROFILE_PARAMETERS WHERE PROFILE_ID='t1' AND APP_ID='2' AND PARAMETER_ID='DISPLAY_FOQ_MAX'
2018-11-30 16:59:49,570 [52] DEBUG AtPar.Init.Repos.ManageProfilesRepository [AtPar-System] [Init] [S] - InsertprofileParameters:
2018-11-30 16:59:49,571 [52] INFO  AtPar.Init.Repos.ManageProfilesRepository [AtPar-System] [Init] [S] - InsertprofileParameters: Query: INSERT INTO ATPAR_MT_AJAYWEB411.MT_ATPAR_PROFILE_PARAMETERS(PROFILE_ID, APP_ID,PARAMETER_ID, PARAMETER_VALUE, LAST_UPDATE_DATE, LAST_UPDATE_USER, LAST_CLIENT_ADDRESS) VALUES('t1','2','DISPLAY_FOQ_MAX','Y','11/30/2018 4:59:49 PM','S','test')
2018-11-30 16:59:49,575 [52] DEBUG AtPar.Init.Repos.ManageProfilesRepository [AtPar-System] [Init] [S] - GetprofileParametersIdCount:
2018-11-30 16:59:49,576 [52] INFO  AtPar.Init.Repos.ManageProfilesRepository [AtPar-System] [Init] [S] - GetprofileParametersIdCount: Query: SELECT COUNT(PARAMETER_ID) FROM ATPAR_MT_AJAYWEB411.MT_ATPAR_PROFILE_PARAMETERS WHERE PROFILE_ID='t1' AND APP_ID='2' AND PARAMETER_ID='EDIT_PAR'
2018-11-30 16:59:49,587 [52] DEBUG AtPar.Init.Repos.ManageProfilesRepository [AtPar-System] [Init] [S] - InsertprofileParameters:
2018-11-30 16:59:49,589 [52] INFO  AtPar.Init.Repos.ManageProfilesRepository [AtPar-System] [Init] [S] - InsertprofileParameters: Query: INSERT INTO ATPAR_MT_AJAYWEB411.MT_ATPAR_PROFILE_PARAMETERS(PROFILE_ID, APP_ID,PARAMETER_ID, PARAMETER_VALUE, LAST_UPDATE_DATE, LAST_UPDATE_USER, LAST_CLIENT_ADDRESS) VALUES('t1','2','EDIT_PAR','N','11/30/2018 4:59:49 PM','S','test')
2018-11-30 16:59:49,593 [52] DEBUG AtPar.Init.Repos.ManageProfilesRepository [AtPar-System] [Init] [S] - GetprofileParametersIdCount:
2018-11-30 16:59:49,594 [52] INFO  AtPar.Init.Repos.ManageProfilesRepository [AtPar-System] [Init] [S] - GetprofileParametersIdCount: Query: SELECT COUNT(PARAMETER_ID) FROM ATPAR_MT_AJAYWEB411.MT_ATPAR_PROFILE_PARAMETERS WHERE PROFILE_ID='t1' AND APP_ID='2' AND PARAMETER_ID='ENABLE_PICKLIST_PRINT'
2018-11-30 16:59:49,599 [52] DEBUG AtPar.Init.Repos.ManageProfilesRepository [AtPar-System] [Init] [S] - InsertprofileParameters:
2018-11-30 16:59:49,600 [52] INFO  AtPar.Init.Repos.ManageProfilesRepository [AtPar-System] [Init] [S] - InsertprofileParameters: Query: INSERT INTO ATPAR_MT_AJAYWEB411.MT_ATPAR_PROFILE_PARAMETERS(PROFILE_ID, APP_ID,PARAMETER_ID, PARAMETER_VALUE, LAST_UPDATE_DATE, LAST_UPDATE_USER, LAST_CLIENT_ADDRESS) VALUES('t1','2','ENABLE_PICKLIST_PRINT','N','11/30/2018 4:59:49 PM','S','test')
2018-11-30 16:59:49,604 [52] DEBUG AtPar.Init.Repos.ManageProfilesRepository [AtPar-System] [Init] [S] - GetprofileParametersIdCount:
2018-11-30 16:59:49,605 [52] INFO  AtPar.Init.Repos.ManageProfilesRepository [AtPar-System] [Init] [S] - GetprofileParametersIdCount: Query: SELECT COUNT(PARAMETER_ID) FROM ATPAR_MT_AJAYWEB411.MT_ATPAR_PROFILE_PARAMETERS WHERE PROFILE_ID='t1' AND APP_ID='2' AND PARAMETER_ID='IGNORE_PUTAWAY_QTY'
2018-11-30 16:59:49,609 [52] DEBUG AtPar.Init.Repos.ManageProfilesRepository [AtPar-System] [Init] [S] - InsertprofileParameters:
2018-11-30 16:59:49,610 [52] INFO  AtPar.Init.Repos.ManageProfilesRepository [AtPar-System] [Init] [S] - InsertprofileParameters: Query: INSERT INTO ATPAR_MT_AJAYWEB411.MT_ATPAR_PROFILE_PARAMETERS(PROFILE_ID, APP_ID,PARAMETER_ID, PARAMETER_VALUE, LAST_UPDATE_DATE, LAST_UPDATE_USER, LAST_CLIENT_ADDRESS) VALUES('t1','2','IGNORE_PUTAWAY_QTY','N','11/30/2018 4:59:49 PM','S','test')
2018-11-30 16:59:49,615 [52] DEBUG AtPar.Init.Repos.ManageProfilesRepository [AtPar-System] [Init] [S] - GetprofileParametersIdCount:
2018-11-30 16:59:49,616 [52] INFO  AtPar.Init.Repos.ManageProfilesRepository [AtPar-System] [Init] [S] - GetprofileParametersIdCount: Query: SELECT COUNT(PARAMETER_ID) FROM ATPAR_MT_AJAYWEB411.MT_ATPAR_PROFILE_PARAMETERS WHERE PROFILE_ID='t1' AND APP_ID='2' AND PARAMETER_ID='ITEM_COUNT_HIGH_PCT'
2018-11-30 16:59:49,620 [52] DEBUG AtPar.Init.Repos.ManageProfilesRepository [AtPar-System] [Init] [S] - InsertprofileParameters:
2018-11-30 16:59:49,621 [52] INFO  AtPar.Init.Repos.ManageProfilesRepository [AtPar-System] [Init] [S] - InsertprofileParameters: Query: INSERT INTO ATPAR_MT_AJAYWEB411.MT_ATPAR_PROFILE_PARAMETERS(PROFILE_ID, APP_ID,PARAMETER_ID, PARAMETER_VALUE, LAST_UPDATE_DATE, LAST_UPDATE_USER, LAST_CLIENT_ADDRESS) VALUES('t1','2','ITEM_COUNT_HIGH_PCT','100','11/30/2018 4:59:49 PM','S','test')
2018-11-30 16:59:49,624 [52] DEBUG AtPar.Init.Repos.ManageProfilesRepository [AtPar-System] [Init] [S] - GetprofileParametersIdCount:
2018-11-30 16:59:49,625 [52] INFO  AtPar.Init.Repos.ManageProfilesRepository [AtPar-System] [Init] [S] - GetprofileParametersIdCount: Query: SELECT COUNT(PARAMETER_ID) FROM ATPAR_MT_AJAYWEB411.MT_ATPAR_PROFILE_PARAMETERS WHERE PROFILE_ID='t1' AND APP_ID='2' AND PARAMETER_ID='ITEM_COUNT_LOW_PCT'
2018-11-30 16:59:49,631 [52] DEBUG AtPar.Init.Repos.ManageProfilesRepository [AtPar-System] [Init] [S] - InsertprofileParameters:
2018-11-30 16:59:49,632 [52] INFO  AtPar.Init.Repos.ManageProfilesRepository [AtPar-System] [Init] [S] - InsertprofileParameters: Query: INSERT INTO ATPAR_MT_AJAYWEB411.MT_ATPAR_PROFILE_PARAMETERS(PROFILE_ID, APP_ID,PARAMETER_ID, PARAMETER_VALUE, LAST_UPDATE_DATE, LAST_UPDATE_USER, LAST_CLIENT_ADDRESS) VALUES('t1','2','ITEM_COUNT_LOW_PCT','0','11/30/2018 4:59:49 PM','S','test')
2018-11-30 16:59:49,635 [52] DEBUG AtPar.Init.Repos.ManageProfilesRepository [AtPar-System] [Init] [S] - GetprofileParametersIdCount:
2018-11-30 16:59:49,636 [52] INFO  AtPar.Init.Repos.ManageProfilesRepository [AtPar-System] [Init] [S] - GetprofileParametersIdCount: Query: SELECT COUNT(PARAMETER_ID) FROM ATPAR_MT_AJAYWEB411.MT_ATPAR_PROFILE_PARAMETERS WHERE PROFILE_ID='t1' AND APP_ID='2' AND PARAMETER_ID='LABEL_PRINTERS'
2018-11-30 16:59:49,638 [52] DEBUG AtPar.Init.Repos.ManageProfilesRepository [AtPar-System] [Init] [S] - InsertprofileParameters:
2018-11-30 16:59:49,639 [52] INFO  AtPar.Init.Repos.ManageProfilesRepository [AtPar-System] [Init] [S] - InsertprofileParameters: Query: INSERT INTO ATPAR_MT_AJAYWEB411.MT_ATPAR_PROFILE_PARAMETERS(PROFILE_ID, APP_ID,PARAMETER_ID, PARAMETER_VALUE, LAST_UPDATE_DATE, LAST_UPDATE_USER, LAST_CLIENT_ADDRESS) VALUES('t1','2','LABEL_PRINTERS','N','11/30/2018 4:59:49 PM','S','test')
2018-11-30 16:59:49,641 [52] DEBUG AtPar.Init.Repos.ManageProfilesRepository [AtPar-System] [Init] [S] - GetprofileParametersIdCount:
2018-11-30 16:59:49,642 [52] INFO  AtPar.Init.Repos.ManageProfilesRepository [AtPar-System] [Init] [S] - GetprofileParametersIdCount: Query: SELECT COUNT(PARAMETER_ID) FROM ATPAR_MT_AJAYWEB411.MT_ATPAR_PROFILE_PARAMETERS WHERE PROFILE_ID='t1' AND APP_ID='2' AND PARAMETER_ID='MANDATORY_INPUT'
2018-11-30 16:59:49,651 [52] DEBUG AtPar.Init.Repos.ManageProfilesRepository [AtPar-System] [Init] [S] - InsertprofileParameters:
2018-11-30 16:59:49,652 [52] INFO  AtPar.Init.Repos.ManageProfilesRepository [AtPar-System] [Init] [S] - InsertprofileParameters: Query: INSERT INTO ATPAR_MT_AJAYWEB411.MT_ATPAR_PROFILE_PARAMETERS(PROFILE_ID, APP_ID,PARAMETER_ID, PARAMETER_VALUE, LAST_UPDATE_DATE, LAST_UPDATE_USER, LAST_CLIENT_ADDRESS) VALUES('t1','2','MANDATORY_INPUT','N','11/30/2018 4:59:49 PM','S','test')
2018-11-30 16:59:49,654 [52] DEBUG AtPar.Init.Repos.ManageProfilesRepository [AtPar-System] [Init] [S] - GetprofileParametersIdCount:
2018-11-30 16:59:49,655 [52] INFO  AtPar.Init.Repos.ManageProfilesRepository [AtPar-System] [Init] [S] - GetprofileParametersIdCount: Query: SELECT COUNT(PARAMETER_ID) FROM ATPAR_MT_AJAYWEB411.MT_ATPAR_PROFILE_PARAMETERS WHERE PROFILE_ID='t1' AND APP_ID='2' AND PARAMETER_ID='PICKLIST_PRINTERNAME'
2018-11-30 16:59:49,661 [52] DEBUG AtPar.Init.Repos.ManageProfilesRepository [AtPar-System] [Init] [S] - InsertprofileParameters:
2018-11-30 16:59:49,662 [52] INFO  AtPar.Init.Repos.ManageProfilesRepository [AtPar-System] [Init] [S] - InsertprofileParameters: Query: INSERT INTO ATPAR_MT_AJAYWEB411.MT_ATPAR_PROFILE_PARAMETERS(PROFILE_ID, APP_ID,PARAMETER_ID, PARAMETER_VALUE, LAST_UPDATE_DATE, LAST_UPDATE_USER, LAST_CLIENT_ADDRESS) VALUES('t1','2','PICKLIST_PRINTERNAME','','11/30/2018 4:59:49 PM','S','test')
2018-11-30 16:59:49,666 [52] DEBUG AtPar.Init.Repos.ManageProfilesRepository [AtPar-System] [Init] [S] - GetprofileParametersIdCount:
2018-11-30 16:59:49,667 [52] INFO  AtPar.Init.Repos.ManageProfilesRepository [AtPar-System] [Init] [S] - GetprofileParametersIdCount: Query: SELECT COUNT(PARAMETER_ID) FROM ATPAR_MT_AJAYWEB411.MT_ATPAR_PROFILE_PARAMETERS WHERE PROFILE_ID='t1' AND APP_ID='2' AND PARAMETER_ID='POST_STOCK_ON_ERP'
2018-11-30 16:59:49,670 [52] DEBUG AtPar.Init.Repos.ManageProfilesRepository [AtPar-System] [Init] [S] - InsertprofileParameters:
2018-11-30 16:59:49,671 [52] INFO  AtPar.Init.Repos.ManageProfilesRepository [AtPar-System] [Init] [S] - InsertprofileParameters: Query: INSERT INTO ATPAR_MT_AJAYWEB411.MT_ATPAR_PROFILE_PARAMETERS(PROFILE_ID, APP_ID,PARAMETER_ID, PARAMETER_VALUE, LAST_UPDATE_DATE, LAST_UPDATE_USER, LAST_CLIENT_ADDRESS) VALUES('t1','2','POST_STOCK_ON_ERP','N','11/30/2018 4:59:49 PM','S','test')
2018-11-30 16:59:49,676 [52] DEBUG AtPar.Init.Repos.ManageProfilesRepository [AtPar-System] [Init] [S] - GetprofileParametersIdCount:
2018-11-30 16:59:49,676 [52] INFO  AtPar.Init.Repos.ManageProfilesRepository [AtPar-System] [Init] [S] - GetprofileParametersIdCount: Query: SELECT COUNT(PARAMETER_ID) FROM ATPAR_MT_AJAYWEB411.MT_ATPAR_PROFILE_PARAMETERS WHERE PROFILE_ID='t1' AND APP_ID='2' AND PARAMETER_ID='POST_STOCKLESS_ON_ERP'
2018-11-30 16:59:49,683 [52] DEBUG AtPar.Init.Repos.ManageProfilesRepository [AtPar-System] [Init] [S] - InsertprofileParameters:
2018-11-30 16:59:49,684 [52] INFO  AtPar.Init.Repos.ManageProfilesRepository [AtPar-System] [Init] [S] - InsertprofileParameters: Query: INSERT INTO ATPAR_MT_AJAYWEB411.MT_ATPAR_PROFILE_PARAMETERS(PROFILE_ID, APP_ID,PARAMETER_ID, PARAMETER_VALUE, LAST_UPDATE_DATE, LAST_UPDATE_USER, LAST_CLIENT_ADDRESS) VALUES('t1','2','POST_STOCKLESS_ON_ERP','N','11/30/2018 4:59:49 PM','S','test')
2018-11-30 16:59:49,686 [52] DEBUG AtPar.Init.Repos.ManageProfilesRepository [AtPar-System] [Init] [S] - GetprofileParametersIdCount:
2018-11-30 16:59:49,687 [52] INFO  AtPar.Init.Repos.ManageProfilesRepository [AtPar-System] [Init] [S] - GetprofileParametersIdCount: Query: SELECT COUNT(PARAMETER_ID) FROM ATPAR_MT_AJAYWEB411.MT_ATPAR_PROFILE_PARAMETERS WHERE PROFILE_ID='t1' AND APP_ID='2' AND PARAMETER_ID='PRINT_CART_HEADER_DETAILS'
2018-11-30 16:59:49,693 [52] DEBUG AtPar.Init.Repos.ManageProfilesRepository [AtPar-System] [Init] [S] - InsertprofileParameters:
2018-11-30 16:59:49,693 [52] INFO  AtPar.Init.Repos.ManageProfilesRepository [AtPar-System] [Init] [S] - InsertprofileParameters: Query: INSERT INTO ATPAR_MT_AJAYWEB411.MT_ATPAR_PROFILE_PARAMETERS(PROFILE_ID, APP_ID,PARAMETER_ID, PARAMETER_VALUE, LAST_UPDATE_DATE, LAST_UPDATE_USER, LAST_CLIENT_ADDRESS) VALUES('t1','2','PRINT_CART_HEADER_DETAILS','N','11/30/2018 4:59:49 PM','S','test')
2018-11-30 16:59:49,695 [52] DEBUG AtPar.Init.Repos.ManageProfilesRepository [AtPar-System] [Init] [S] - GetprofileParametersIdCount:
2018-11-30 16:59:49,696 [52] INFO  AtPar.Init.Repos.ManageProfilesRepository [AtPar-System] [Init] [S] - GetprofileParametersIdCount: Query: SELECT COUNT(PARAMETER_ID) FROM ATPAR_MT_AJAYWEB411.MT_ATPAR_PROFILE_PARAMETERS WHERE PROFILE_ID='t1' AND APP_ID='2' AND PARAMETER_ID='PUTAWAY_CART_ITEMS'
2018-11-30 16:59:49,699 [52] DEBUG AtPar.Init.Repos.ManageProfilesRepository [AtPar-System] [Init] [S] - InsertprofileParameters:
2018-11-30 16:59:49,701 [52] INFO  AtPar.Init.Repos.ManageProfilesRepository [AtPar-System] [Init] [S] - InsertprofileParameters: Query: INSERT INTO ATPAR_MT_AJAYWEB411.MT_ATPAR_PROFILE_PARAMETERS(PROFILE_ID, APP_ID,PARAMETER_ID, PARAMETER_VALUE, LAST_UPDATE_DATE, LAST_UPDATE_USER, LAST_CLIENT_ADDRESS) VALUES('t1','2','PUTAWAY_CART_ITEMS','N','11/30/2018 4:59:49 PM','S','test')
2018-11-30 16:59:49,703 [52] DEBUG AtPar.Init.Repos.ManageProfilesRepository [AtPar-System] [Init] [S] - GetprofileParametersIdCount:
2018-11-30 16:59:49,703 [52] INFO  AtPar.Init.Repos.ManageProfilesRepository [AtPar-System] [Init] [S] - GetprofileParametersIdCount: Query: SELECT COUNT(PARAMETER_ID) FROM ATPAR_MT_AJAYWEB411.MT_ATPAR_PROFILE_PARAMETERS WHERE PROFILE_ID='t1' AND APP_ID='2' AND PARAMETER_ID='QTY_OPTION'
2018-11-30 16:59:49,706 [52] DEBUG AtPar.Init.Repos.ManageProfilesRepository [AtPar-System] [Init] [S] - InsertprofileParameters:
2018-11-30 16:59:49,707 [52] INFO  AtPar.Init.Repos.ManageProfilesRepository [AtPar-System] [Init] [S] - InsertprofileParameters: Query: INSERT INTO ATPAR_MT_AJAYWEB411.MT_ATPAR_PROFILE_PARAMETERS(PROFILE_ID, APP_ID,PARAMETER_ID, PARAMETER_VALUE, LAST_UPDATE_DATE, LAST_UPDATE_USER, LAST_CLIENT_ADDRESS) VALUES('t1','2','QTY_OPTION','Count','11/30/2018 4:59:49 PM','S','test')
2018-11-30 16:59:49,713 [52] DEBUG AtPar.Init.Repos.ManageProfilesRepository [AtPar-System] [Init] [S] - GetprofileParametersIdCount:
2018-11-30 16:59:49,714 [52] INFO  AtPar.Init.Repos.ManageProfilesRepository [AtPar-System] [Init] [S] - GetprofileParametersIdCount: Query: SELECT COUNT(PARAMETER_ID) FROM ATPAR_MT_AJAYWEB411.MT_ATPAR_PROFILE_PARAMETERS WHERE PROFILE_ID='t1' AND APP_ID='2' AND PARAMETER_ID='QTY_OPTION_HH'
2018-11-30 16:59:49,717 [52] DEBUG AtPar.Init.Repos.ManageProfilesRepository [AtPar-System] [Init] [S] - InsertprofileParameters:
2018-11-30 16:59:49,717 [52] INFO  AtPar.Init.Repos.ManageProfilesRepository [AtPar-System] [Init] [S] - InsertprofileParameters: Query: INSERT INTO ATPAR_MT_AJAYWEB411.MT_ATPAR_PROFILE_PARAMETERS(PROFILE_ID, APP_ID,PARAMETER_ID, PARAMETER_VALUE, LAST_UPDATE_DATE, LAST_UPDATE_USER, LAST_CLIENT_ADDRESS) VALUES('t1','2','QTY_OPTION_HH','N','11/30/2018 4:59:49 PM','S','test')
2018-11-30 16:59:49,720 [52] DEBUG AtPar.Init.Repos.ManageProfilesRepository [AtPar-System] [Init] [S] - GetprofileParametersIdCount:
2018-11-30 16:59:49,721 [52] INFO  AtPar.Init.Repos.ManageProfilesRepository [AtPar-System] [Init] [S] - GetprofileParametersIdCount: Query: SELECT COUNT(PARAMETER_ID) FROM ATPAR_MT_AJAYWEB411.MT_ATPAR_PROFILE_PARAMETERS WHERE PROFILE_ID='t1' AND APP_ID='2' AND PARAMETER_ID='RESTRICT_COUNT_QTY'
2018-11-30 16:59:49,724 [52] DEBUG AtPar.Init.Repos.ManageProfilesRepository [AtPar-System] [Init] [S] - InsertprofileParameters:
2018-11-30 16:59:49,724 [52] INFO  AtPar.Init.Repos.ManageProfilesRepository [AtPar-System] [Init] [S] - InsertprofileParameters: Query: INSERT INTO ATPAR_MT_AJAYWEB411.MT_ATPAR_PROFILE_PARAMETERS(PROFILE_ID, APP_ID,PARAMETER_ID, PARAMETER_VALUE, LAST_UPDATE_DATE, LAST_UPDATE_USER, LAST_CLIENT_ADDRESS) VALUES('t1','2','RESTRICT_COUNT_QTY','99999999999.9999','11/30/2018 4:59:49 PM','S','test')
2018-11-30 16:59:49,727 [52] DEBUG AtPar.Init.Repos.ManageProfilesRepository [AtPar-System] [Init] [S] - GetprofileParametersIdCount:
2018-11-30 16:59:49,727 [52] INFO  AtPar.Init.Repos.ManageProfilesRepository [AtPar-System] [Init] [S] - GetprofileParametersIdCount: Query: SELECT COUNT(PARAMETER_ID) FROM ATPAR_MT_AJAYWEB411.MT_ATPAR_PROFILE_PARAMETERS WHERE PROFILE_ID='t1' AND APP_ID='2' AND PARAMETER_ID='RESTRICT_COUNT_QTY_DIGITS'
2018-11-30 16:59:49,732 [52] DEBUG AtPar.Init.Repos.ManageProfilesRepository [AtPar-System] [Init] [S] - InsertprofileParameters:
2018-11-30 16:59:49,733 [52] INFO  AtPar.Init.Repos.ManageProfilesRepository [AtPar-System] [Init] [S] - InsertprofileParameters: Query: INSERT INTO ATPAR_MT_AJAYWEB411.MT_ATPAR_PROFILE_PARAMETERS(PROFILE_ID, APP_ID,PARAMETER_ID, PARAMETER_VALUE, LAST_UPDATE_DATE, LAST_UPDATE_USER, LAST_CLIENT_ADDRESS) VALUES('t1','2','RESTRICT_COUNT_QTY_DIGITS','11','11/30/2018 4:59:49 PM','S','test')
2018-11-30 16:59:49,740 [52] DEBUG AtPar.Init.Repos.ManageProfilesRepository [AtPar-System] [Init] [S] - GetprofileParametersIdCount:
2018-11-30 16:59:49,741 [52] INFO  AtPar.Init.Repos.ManageProfilesRepository [AtPar-System] [Init] [S] - GetprofileParametersIdCount: Query: SELECT COUNT(PARAMETER_ID) FROM ATPAR_MT_AJAYWEB411.MT_ATPAR_PROFILE_PARAMETERS WHERE PROFILE_ID='t1' AND APP_ID='2' AND PARAMETER_ID='SELECT_ALL'
2018-11-30 16:59:49,745 [52] DEBUG AtPar.Init.Repos.ManageProfilesRepository [AtPar-System] [Init] [S] - InsertprofileParameters:
2018-11-30 16:59:49,745 [52] INFO  AtPar.Init.Repos.ManageProfilesRepository [AtPar-System] [Init] [S] - InsertprofileParameters: Query: INSERT INTO ATPAR_MT_AJAYWEB411.MT_ATPAR_PROFILE_PARAMETERS(PROFILE_ID, APP_ID,PARAMETER_ID, PARAMETER_VALUE, LAST_UPDATE_DATE, LAST_UPDATE_USER, LAST_CLIENT_ADDRESS) VALUES('t1','2','SELECT_ALL','Y','11/30/2018 4:59:49 PM','S','test')
2018-11-30 16:59:49,748 [52] DEBUG AtPar.Init.Repos.ManageProfilesRepository [AtPar-System] [Init] [S] - GetprofileParametersIdCount:
2018-11-30 16:59:49,749 [52] INFO  AtPar.Init.Repos.ManageProfilesRepository [AtPar-System] [Init] [S] - GetprofileParametersIdCount: Query: SELECT COUNT(PARAMETER_ID) FROM ATPAR_MT_AJAYWEB411.MT_ATPAR_PROFILE_PARAMETERS WHERE PROFILE_ID='t1' AND APP_ID='2' AND PARAMETER_ID='SILENT_SCAN'
2018-11-30 16:59:49,755 [52] DEBUG AtPar.Init.Repos.ManageProfilesRepository [AtPar-System] [Init] [S] - InsertprofileParameters:
2018-11-30 16:59:49,755 [52] INFO  AtPar.Init.Repos.ManageProfilesRepository [AtPar-System] [Init] [S] - InsertprofileParameters: Query: INSERT INTO ATPAR_MT_AJAYWEB411.MT_ATPAR_PROFILE_PARAMETERS(PROFILE_ID, APP_ID,PARAMETER_ID, PARAMETER_VALUE, LAST_UPDATE_DATE, LAST_UPDATE_USER, LAST_CLIENT_ADDRESS) VALUES('t1','2','SILENT_SCAN','N','11/30/2018 4:59:49 PM','S','test')
2018-11-30 16:59:49,757 [52] DEBUG AtPar.Init.Repos.ManageProfilesRepository [AtPar-System] [Init] [S] - GetprofileParametersIdCount:
2018-11-30 16:59:49,758 [52] INFO  AtPar.Init.Repos.ManageProfilesRepository [AtPar-System] [Init] [S] - GetprofileParametersIdCount: Query: SELECT COUNT(PARAMETER_ID) FROM ATPAR_MT_AJAYWEB411.MT_ATPAR_PROFILE_PARAMETERS WHERE PROFILE_ID='t1' AND APP_ID='2' AND PARAMETER_ID='SORT_BY_COLUMN'
2018-11-30 16:59:49,764 [52] DEBUG AtPar.Init.Repos.ManageProfilesRepository [AtPar-System] [Init] [S] - InsertprofileParameters:
2018-11-30 16:59:49,766 [52] INFO  AtPar.Init.Repos.ManageProfilesRepository [AtPar-System] [Init] [S] - InsertprofileParameters: Query: INSERT INTO ATPAR_MT_AJAYWEB411.MT_ATPAR_PROFILE_PARAMETERS(PROFILE_ID, APP_ID,PARAMETER_ID, PARAMETER_VALUE, LAST_UPDATE_DATE, LAST_UPDATE_USER, LAST_CLIENT_ADDRESS) VALUES('t1','2','SORT_BY_COLUMN','N','11/30/2018 4:59:49 PM','S','test')
2018-11-30 16:59:49,780 [52] DEBUG AtPar.Init.Repos.ManageProfilesRepository [AtPar-System] [Init] [S] - GetprofileParametersIdCount:
2018-11-30 16:59:49,782 [52] INFO  AtPar.Init.Repos.ManageProfilesRepository [AtPar-System] [Init] [S] - GetprofileParametersIdCount: Query: SELECT COUNT(PARAMETER_ID) FROM ATPAR_MT_AJAYWEB411.MT_ATPAR_PROFILE_PARAMETERS WHERE PROFILE_ID='t1' AND APP_ID='2' AND PARAMETER_ID='SUPER_USER'
2018-11-30 16:59:49,796 [52] DEBUG AtPar.Init.Repos.ManageProfilesRepository [AtPar-System] [Init] [S] - InsertprofileParameters:
2018-11-30 16:59:49,797 [52] INFO  AtPar.Init.Repos.ManageProfilesRepository [AtPar-System] [Init] [S] - InsertprofileParameters: Query: INSERT INTO ATPAR_MT_AJAYWEB411.MT_ATPAR_PROFILE_PARAMETERS(PROFILE_ID, APP_ID,PARAMETER_ID, PARAMETER_VALUE, LAST_UPDATE_DATE, LAST_UPDATE_USER, LAST_CLIENT_ADDRESS) VALUES('t1','2','SUPER_USER','N','11/30/2018 4:59:49 PM','S','test')
2018-11-30 16:59:49,811 [52] DEBUG AtPar.Init.Repos.ManageProfilesRepository [AtPar-System] [Init] [S] - GetprofileParametersIdCount:
2018-11-30 16:59:49,812 [52] INFO  AtPar.Init.Repos.ManageProfilesRepository [AtPar-System] [Init] [S] - GetprofileParametersIdCount: Query: SELECT COUNT(PARAMETER_ID) FROM ATPAR_MT_AJAYWEB411.MT_ATPAR_PROFILE_PARAMETERS WHERE PROFILE_ID='t1' AND APP_ID='2' AND PARAMETER_ID='VERIFY_CONSIGN_ON_ERPPOST'
2018-11-30 16:59:49,817 [52] DEBUG AtPar.Init.Repos.ManageProfilesRepository [AtPar-System] [Init] [S] - InsertprofileParameters:
2018-11-30 16:59:49,818 [52] INFO  AtPar.Init.Repos.ManageProfilesRepository [AtPar-System] [Init] [S] - InsertprofileParameters: Query: INSERT INTO ATPAR_MT_AJAYWEB411.MT_ATPAR_PROFILE_PARAMETERS(PROFILE_ID, APP_ID,PARAMETER_ID, PARAMETER_VALUE, LAST_UPDATE_DATE, LAST_UPDATE_USER, LAST_CLIENT_ADDRESS) VALUES('t1','2','VERIFY_CONSIGN_ON_ERPPOST','N','11/30/2018 4:59:49 PM','S','test')
2018-11-30 16:59:49,822 [52] DEBUG AtPar.Init.Repos.ManageProfilesRepository [AtPar-System] [Init] [S] - GetprofileParametersIdCount:
2018-11-30 16:59:49,823 [52] INFO  AtPar.Init.Repos.ManageProfilesRepository [AtPar-System] [Init] [S] - GetprofileParametersIdCount: Query: SELECT COUNT(PARAMETER_ID) FROM ATPAR_MT_AJAYWEB411.MT_ATPAR_PROFILE_PARAMETERS WHERE PROFILE_ID='t1' AND APP_ID='2' AND PARAMETER_ID='VERIFY_NONSTOCK_ON_ERPPOST'
2018-11-30 16:59:49,825 [52] DEBUG AtPar.Init.Repos.ManageProfilesRepository [AtPar-System] [Init] [S] - InsertprofileParameters:
2018-11-30 16:59:49,826 [52] INFO  AtPar.Init.Repos.ManageProfilesRepository [AtPar-System] [Init] [S] - InsertprofileParameters: Query: INSERT INTO ATPAR_MT_AJAYWEB411.MT_ATPAR_PROFILE_PARAMETERS(PROFILE_ID, APP_ID,PARAMETER_ID, PARAMETER_VALUE, LAST_UPDATE_DATE, LAST_UPDATE_USER, LAST_CLIENT_ADDRESS) VALUES('t1','2','VERIFY_NONSTOCK_ON_ERPPOST','N','11/30/2018 4:59:49 PM','S','test')
2018-11-30 16:59:49,828 [52] DEBUG AtPar.Init.Repos.ManageProfilesRepository [AtPar-System] [Init] [S] - GetprofileParametersIdCount:
2018-11-30 16:59:49,829 [52] INFO  AtPar.Init.Repos.ManageProfilesRepository [AtPar-System] [Init] [S] - GetprofileParametersIdCount: Query: SELECT COUNT(PARAMETER_ID) FROM ATPAR_MT_AJAYWEB411.MT_ATPAR_PROFILE_PARAMETERS WHERE PROFILE_ID='t1' AND APP_ID='2' AND PARAMETER_ID='WARN_COUNT_QTY'
2018-11-30 16:59:49,833 [52] DEBUG AtPar.Init.Repos.ManageProfilesRepository [AtPar-System] [Init] [S] - InsertprofileParameters:
2018-11-30 16:59:49,834 [52] INFO  AtPar.Init.Repos.ManageProfilesRepository [AtPar-System] [Init] [S] - InsertprofileParameters: Query: INSERT INTO ATPAR_MT_AJAYWEB411.MT_ATPAR_PROFILE_PARAMETERS(PROFILE_ID, APP_ID,PARAMETER_ID, PARAMETER_VALUE, LAST_UPDATE_DATE, LAST_UPDATE_USER, LAST_CLIENT_ADDRESS) VALUES('t1','2','WARN_COUNT_QTY','None','11/30/2018 4:59:49 PM','S','test')
2018-11-30 16:59:49,836 [52] DEBUG AtPar.Init.Repos.ManageProfilesRepository [AtPar-System] [Init] [S] - GetprofileParametersIdCount:
2018-11-30 16:59:49,837 [52] INFO  AtPar.Init.Repos.ManageProfilesRepository [AtPar-System] [Init] [S] - GetprofileParametersIdCount: Query: SELECT COUNT(PARAMETER_ID) FROM ATPAR_MT_AJAYWEB411.MT_ATPAR_PROFILE_PARAMETERS WHERE PROFILE_ID='t1' AND APP_ID='3' AND PARAMETER_ID='AUTO_FILTERING'
2018-11-30 16:59:49,839 [52] DEBUG AtPar.Init.Repos.ManageProfilesRepository [AtPar-System] [Init] [S] - InsertprofileParameters:
2018-11-30 16:59:49,840 [52] INFO  AtPar.Init.Repos.ManageProfilesRepository [AtPar-System] [Init] [S] - InsertprofileParameters: Query: INSERT INTO ATPAR_MT_AJAYWEB411.MT_ATPAR_PROFILE_PARAMETERS(PROFILE_ID, APP_ID,PARAMETER_ID, PARAMETER_VALUE, LAST_UPDATE_DATE, LAST_UPDATE_USER, LAST_CLIENT_ADDRESS) VALUES('t1','3','AUTO_FILTERING','N','11/30/2018 4:59:49 PM','S','test')
2018-11-30 16:59:49,843 [52] DEBUG AtPar.Init.Repos.ManageProfilesRepository [AtPar-System] [Init] [S] - GetprofileParametersIdCount:
2018-11-30 16:59:49,844 [52] INFO  AtPar.Init.Repos.ManageProfilesRepository [AtPar-System] [Init] [S] - GetprofileParametersIdCount: Query: SELECT COUNT(PARAMETER_ID) FROM ATPAR_MT_AJAYWEB411.MT_ATPAR_PROFILE_PARAMETERS WHERE PROFILE_ID='t1' AND APP_ID='3' AND PARAMETER_ID='DEFAULT_BEEP_FREQUENCY'
2018-11-30 16:59:49,849 [52] DEBUG AtPar.Init.Repos.ManageProfilesRepository [AtPar-System] [Init] [S] - InsertprofileParameters:
2018-11-30 16:59:49,850 [52] INFO  AtPar.Init.Repos.ManageProfilesRepository [AtPar-System] [Init] [S] - InsertprofileParameters: Query: INSERT INTO ATPAR_MT_AJAYWEB411.MT_ATPAR_PROFILE_PARAMETERS(PROFILE_ID, APP_ID,PARAMETER_ID, PARAMETER_VALUE, LAST_UPDATE_DATE, LAST_UPDATE_USER, LAST_CLIENT_ADDRESS) VALUES('t1','3','DEFAULT_BEEP_FREQUENCY','750','11/30/2018 4:59:49 PM','S','test')
2018-11-30 16:59:49,858 [52] DEBUG AtPar.Init.Repos.ManageProfilesRepository [AtPar-System] [Init] [S] - GetprofileParametersIdCount:
2018-11-30 16:59:49,859 [52] INFO  AtPar.Init.Repos.ManageProfilesRepository [AtPar-System] [Init] [S] - GetprofileParametersIdCount: Query: SELECT COUNT(PARAMETER_ID) FROM ATPAR_MT_AJAYWEB411.MT_ATPAR_PROFILE_PARAMETERS WHERE PROFILE_ID='t1' AND APP_ID='3' AND PARAMETER_ID='DEFAULT_INPUT'
2018-11-30 16:59:49,864 [52] DEBUG AtPar.Init.Repos.ManageProfilesRepository [AtPar-System] [Init] [S] - InsertprofileParameters:
2018-11-30 16:59:49,865 [52] INFO  AtPar.Init.Repos.ManageProfilesRepository [AtPar-System] [Init] [S] - InsertprofileParameters: Query: INSERT INTO ATPAR_MT_AJAYWEB411.MT_ATPAR_PROFILE_PARAMETERS(PROFILE_ID, APP_ID,PARAMETER_ID, PARAMETER_VALUE, LAST_UPDATE_DATE, LAST_UPDATE_USER, LAST_CLIENT_ADDRESS) VALUES('t1','3','DEFAULT_INPUT','N','11/30/2018 4:59:49 PM','S','test')
2018-11-30 16:59:49,873 [52] DEBUG AtPar.Init.Repos.ManageProfilesRepository [AtPar-System] [Init] [S] - GetprofileParametersIdCount:
2018-11-30 16:59:49,874 [52] INFO  AtPar.Init.Repos.ManageProfilesRepository [AtPar-System] [Init] [S] - GetprofileParametersIdCount: Query: SELECT COUNT(PARAMETER_ID) FROM ATPAR_MT_AJAYWEB411.MT_ATPAR_PROFILE_PARAMETERS WHERE PROFILE_ID='t1' AND APP_ID='3' AND PARAMETER_ID='DEFAULT_LABEL_PRINTER'
2018-11-30 16:59:49,880 [52] DEBUG AtPar.Init.Repos.ManageProfilesRepository [AtPar-System] [Init] [S] - InsertprofileParameters:
2018-11-30 16:59:49,881 [52] INFO  AtPar.Init.Repos.ManageProfilesRepository [AtPar-System] [Init] [S] - InsertprofileParameters: Query: INSERT INTO ATPAR_MT_AJAYWEB411.MT_ATPAR_PROFILE_PARAMETERS(PROFILE_ID, APP_ID,PARAMETER_ID, PARAMETER_VALUE, LAST_UPDATE_DATE, LAST_UPDATE_USER, LAST_CLIENT_ADDRESS) VALUES('t1','3','DEFAULT_LABEL_PRINTER','','11/30/2018 4:59:49 PM','S','test')
2018-11-30 16:59:49,885 [52] DEBUG AtPar.Init.Repos.ManageProfilesRepository [AtPar-System] [Init] [S] - GetprofileParametersIdCount:
2018-11-30 16:59:49,886 [52] INFO  AtPar.Init.Repos.ManageProfilesRepository [AtPar-System] [Init] [S] - GetprofileParametersIdCount: Query: SELECT COUNT(PARAMETER_ID) FROM ATPAR_MT_AJAYWEB411.MT_ATPAR_PROFILE_PARAMETERS WHERE PROFILE_ID='t1' AND APP_ID='3' AND PARAMETER_ID='DISPLAY_PREV_COUNT'
2018-11-30 16:59:49,889 [52] DEBUG AtPar.Init.Repos.ManageProfilesRepository [AtPar-System] [Init] [S] - InsertprofileParameters:
2018-11-30 16:59:49,890 [52] INFO  AtPar.Init.Repos.ManageProfilesRepository [AtPar-System] [Init] [S] - InsertprofileParameters: Query: INSERT INTO ATPAR_MT_AJAYWEB411.MT_ATPAR_PROFILE_PARAMETERS(PROFILE_ID, APP_ID,PARAMETER_ID, PARAMETER_VALUE, LAST_UPDATE_DATE, LAST_UPDATE_USER, LAST_CLIENT_ADDRESS) VALUES('t1','3','DISPLAY_PREV_COUNT','N','11/30/2018 4:59:49 PM','S','test')
2018-11-30 16:59:49,898 [52] DEBUG AtPar.Init.Repos.ManageProfilesRepository [AtPar-System] [Init] [S] - GetprofileParametersIdCount:
2018-11-30 16:59:49,898 [52] INFO  AtPar.Init.Repos.ManageProfilesRepository [AtPar-System] [Init] [S] - GetprofileParametersIdCount: Query: SELECT COUNT(PARAMETER_ID) FROM ATPAR_MT_AJAYWEB411.MT_ATPAR_PROFILE_PARAMETERS WHERE PROFILE_ID='t1' AND APP_ID='3' AND PARAMETER_ID='DISPLAY_SYS_QTY'
2018-11-30 16:59:49,905 [52] DEBUG AtPar.Init.Repos.ManageProfilesRepository [AtPar-System] [Init] [S] - InsertprofileParameters:
2018-11-30 16:59:49,906 [52] INFO  AtPar.Init.Repos.ManageProfilesRepository [AtPar-System] [Init] [S] - InsertprofileParameters: Query: INSERT INTO ATPAR_MT_AJAYWEB411.MT_ATPAR_PROFILE_PARAMETERS(PROFILE_ID, APP_ID,PARAMETER_ID, PARAMETER_VALUE, LAST_UPDATE_DATE, LAST_UPDATE_USER, LAST_CLIENT_ADDRESS) VALUES('t1','3','DISPLAY_SYS_QTY','N','11/30/2018 4:59:49 PM','S','test')
2018-11-30 16:59:49,920 [52] DEBUG AtPar.Init.Repos.ManageProfilesRepository [AtPar-System] [Init] [S] - GetprofileParametersIdCount:
2018-11-30 16:59:49,921 [52] INFO  AtPar.Init.Repos.ManageProfilesRepository [AtPar-System] [Init] [S] - GetprofileParametersIdCount: Query: SELECT COUNT(PARAMETER_ID) FROM ATPAR_MT_AJAYWEB411.MT_ATPAR_PROFILE_PARAMETERS WHERE PROFILE_ID='t1' AND APP_ID='3' AND PARAMETER_ID='EDIT_COUNTS'
2018-11-30 16:59:49,924 [52] DEBUG AtPar.Init.Repos.ManageProfilesRepository [AtPar-System] [Init] [S] - InsertprofileParameters:
2018-11-30 16:59:49,925 [52] INFO  AtPar.Init.Repos.ManageProfilesRepository [AtPar-System] [Init] [S] - InsertprofileParameters: Query: INSERT INTO ATPAR_MT_AJAYWEB411.MT_ATPAR_PROFILE_PARAMETERS(PROFILE_ID, APP_ID,PARAMETER_ID, PARAMETER_VALUE, LAST_UPDATE_DATE, LAST_UPDATE_USER, LAST_CLIENT_ADDRESS) VALUES('t1','3','EDIT_COUNTS','N','11/30/2018 4:59:49 PM','S','test')
2018-11-30 16:59:49,936 [52] DEBUG AtPar.Init.Repos.ManageProfilesRepository [AtPar-System] [Init] [S] - GetprofileParametersIdCount:
2018-11-30 16:59:49,937 [52] INFO  AtPar.Init.Repos.ManageProfilesRepository [AtPar-System] [Init] [S] - GetprofileParametersIdCount: Query: SELECT COUNT(PARAMETER_ID) FROM ATPAR_MT_AJAYWEB411.MT_ATPAR_PROFILE_PARAMETERS WHERE PROFILE_ID='t1' AND APP_ID='3' AND PARAMETER_ID='LABEL_PRINTERS'
2018-11-30 16:59:49,942 [52] DEBUG AtPar.Init.Repos.ManageProfilesRepository [AtPar-System] [Init] [S] - InsertprofileParameters:
2018-11-30 16:59:49,943 [52] INFO  AtPar.Init.Repos.ManageProfilesRepository [AtPar-System] [Init] [S] - InsertprofileParameters: Query: INSERT INTO ATPAR_MT_AJAYWEB411.MT_ATPAR_PROFILE_PARAMETERS(PROFILE_ID, APP_ID,PARAMETER_ID, PARAMETER_VALUE, LAST_UPDATE_DATE, LAST_UPDATE_USER, LAST_CLIENT_ADDRESS) VALUES('t1','3','LABEL_PRINTERS','N','11/30/2018 4:59:49 PM','S','test')
2018-11-30 16:59:49,945 [52] DEBUG AtPar.Init.Repos.ManageProfilesRepository [AtPar-System] [Init] [S] - GetprofileParametersIdCount:
2018-11-30 16:59:49,946 [52] INFO  AtPar.Init.Repos.ManageProfilesRepository [AtPar-System] [Init] [S] - GetprofileParametersIdCount: Query: SELECT COUNT(PARAMETER_ID) FROM ATPAR_MT_AJAYWEB411.MT_ATPAR_PROFILE_PARAMETERS WHERE PROFILE_ID='t1' AND APP_ID='3' AND PARAMETER_ID='MANDATORY_COUNT'
2018-11-30 16:59:49,949 [52] DEBUG AtPar.Init.Repos.ManageProfilesRepository [AtPar-System] [Init] [S] - InsertprofileParameters:
2018-11-30 16:59:49,950 [52] INFO  AtPar.Init.Repos.ManageProfilesRepository [AtPar-System] [Init] [S] - InsertprofileParameters: Query: INSERT INTO ATPAR_MT_AJAYWEB411.MT_ATPAR_PROFILE_PARAMETERS(PROFILE_ID, APP_ID,PARAMETER_ID, PARAMETER_VALUE, LAST_UPDATE_DATE, LAST_UPDATE_USER, LAST_CLIENT_ADDRESS) VALUES('t1','3','MANDATORY_COUNT','N','11/30/2018 4:59:49 PM','S','test')
2018-11-30 16:59:49,953 [52] DEBUG AtPar.Init.Repos.ManageProfilesRepository [AtPar-System] [Init] [S] - GetprofileParametersIdCount:
2018-11-30 16:59:49,954 [52] INFO  AtPar.Init.Repos.ManageProfilesRepository [AtPar-System] [Init] [S] - GetprofileParametersIdCount: Query: SELECT COUNT(PARAMETER_ID) FROM ATPAR_MT_AJAYWEB411.MT_ATPAR_PROFILE_PARAMETERS WHERE PROFILE_ID='t1' AND APP_ID='3' AND PARAMETER_ID='SORT_BY_COLUMN'
2018-11-30 16:59:49,958 [52] DEBUG AtPar.Init.Repos.ManageProfilesRepository [AtPar-System] [Init] [S] - InsertprofileParameters:
2018-11-30 16:59:49,959 [52] INFO  AtPar.Init.Repos.ManageProfilesRepository [AtPar-System] [Init] [S] - InsertprofileParameters: Query: INSERT INTO ATPAR_MT_AJAYWEB411.MT_ATPAR_PROFILE_PARAMETERS(PROFILE_ID, APP_ID,PARAMETER_ID, PARAMETER_VALUE, LAST_UPDATE_DATE, LAST_UPDATE_USER, LAST_CLIENT_ADDRESS) VALUES('t1','3','SORT_BY_COLUMN','N','11/30/2018 4:59:49 PM','S','test')
2018-11-30 16:59:49,960 [52] DEBUG AtPar.Init.Repos.ManageProfilesRepository [AtPar-System] [Init] [S] - GetprofileParametersIdCount:
2018-11-30 16:59:49,961 [52] INFO  AtPar.Init.Repos.ManageProfilesRepository [AtPar-System] [Init] [S] - GetprofileParametersIdCount: Query: SELECT COUNT(PARAMETER_ID) FROM ATPAR_MT_AJAYWEB411.MT_ATPAR_PROFILE_PARAMETERS WHERE PROFILE_ID='t1' AND APP_ID='3' AND PARAMETER_ID='SUPER_USER'
2018-11-30 16:59:49,966 [52] DEBUG AtPar.Init.Repos.ManageProfilesRepository [AtPar-System] [Init] [S] - InsertprofileParameters:
2018-11-30 16:59:49,967 [52] INFO  AtPar.Init.Repos.ManageProfilesRepository [AtPar-System] [Init] [S] - InsertprofileParameters: Query: INSERT INTO ATPAR_MT_AJAYWEB411.MT_ATPAR_PROFILE_PARAMETERS(PROFILE_ID, APP_ID,PARAMETER_ID, PARAMETER_VALUE, LAST_UPDATE_DATE, LAST_UPDATE_USER, LAST_CLIENT_ADDRESS) VALUES('t1','3','SUPER_USER','N','11/30/2018 4:59:49 PM','S','test')
2018-11-30 16:59:49,969 [52] DEBUG AtPar.Init.Repos.ManageProfilesRepository [AtPar-System] [Init] [S] - GetprofileParametersIdCount:
2018-11-30 16:59:49,969 [52] INFO  AtPar.Init.Repos.ManageProfilesRepository [AtPar-System] [Init] [S] - GetprofileParametersIdCount: Query: SELECT COUNT(PARAMETER_ID) FROM ATPAR_MT_AJAYWEB411.MT_ATPAR_PROFILE_PARAMETERS WHERE PROFILE_ID='t1' AND APP_ID='3' AND PARAMETER_ID='SYS_COUNT_PCT_DEVIATION'
2018-11-30 16:59:49,973 [52] DEBUG AtPar.Init.Repos.ManageProfilesRepository [AtPar-System] [Init] [S] - InsertprofileParameters:
2018-11-30 16:59:49,974 [52] INFO  AtPar.Init.Repos.ManageProfilesRepository [AtPar-System] [Init] [S] - InsertprofileParameters: Query: INSERT INTO ATPAR_MT_AJAYWEB411.MT_ATPAR_PROFILE_PARAMETERS(PROFILE_ID, APP_ID,PARAMETER_ID, PARAMETER_VALUE, LAST_UPDATE_DATE, LAST_UPDATE_USER, LAST_CLIENT_ADDRESS) VALUES('t1','3','SYS_COUNT_PCT_DEVIATION','0','11/30/2018 4:59:49 PM','S','test')
2018-11-30 16:59:49,982 [52] DEBUG AtPar.Init.Repos.ManageProfilesRepository [AtPar-System] [Init] [S] - GetprofileParametersIdCount:
2018-11-30 16:59:49,983 [52] INFO  AtPar.Init.Repos.ManageProfilesRepository [AtPar-System] [Init] [S] - GetprofileParametersIdCount: Query: SELECT COUNT(PARAMETER_ID) FROM ATPAR_MT_AJAYWEB411.MT_ATPAR_PROFILE_PARAMETERS WHERE PROFILE_ID='t1' AND APP_ID='4' AND PARAMETER_ID='ALLOW_EXCESS_RECV_QTY'
2018-11-30 16:59:49,985 [52] DEBUG AtPar.Init.Repos.ManageProfilesRepository [AtPar-System] [Init] [S] - InsertprofileParameters:
2018-11-30 16:59:49,986 [52] INFO  AtPar.Init.Repos.ManageProfilesRepository [AtPar-System] [Init] [S] - InsertprofileParameters: Query: INSERT INTO ATPAR_MT_AJAYWEB411.MT_ATPAR_PROFILE_PARAMETERS(PROFILE_ID, APP_ID,PARAMETER_ID, PARAMETER_VALUE, LAST_UPDATE_DATE, LAST_UPDATE_USER, LAST_CLIENT_ADDRESS) VALUES('t1','4','ALLOW_EXCESS_RECV_QTY','N','11/30/2018 4:59:49 PM','S','test')
2018-11-30 16:59:49,990 [52] DEBUG AtPar.Init.Repos.ManageProfilesRepository [AtPar-System] [Init] [S] - GetprofileParametersIdCount:
2018-11-30 16:59:49,990 [52] INFO  AtPar.Init.Repos.ManageProfilesRepository [AtPar-System] [Init] [S] - GetprofileParametersIdCount: Query: SELECT COUNT(PARAMETER_ID) FROM ATPAR_MT_AJAYWEB411.MT_ATPAR_PROFILE_PARAMETERS WHERE PROFILE_ID='t1' AND APP_ID='4' AND PARAMETER_ID='AUTO_FILTERING'
2018-11-30 16:59:49,993 [52] DEBUG AtPar.Init.Repos.ManageProfilesRepository [AtPar-System] [Init] [S] - InsertprofileParameters:
2018-11-30 16:59:49,993 [52] INFO  AtPar.Init.Repos.ManageProfilesRepository [AtPar-System] [Init] [S] - InsertprofileParameters: Query: INSERT INTO ATPAR_MT_AJAYWEB411.MT_ATPAR_PROFILE_PARAMETERS(PROFILE_ID, APP_ID,PARAMETER_ID, PARAMETER_VALUE, LAST_UPDATE_DATE, LAST_UPDATE_USER, LAST_CLIENT_ADDRESS) VALUES('t1','4','AUTO_FILTERING','N','11/30/2018 4:59:49 PM','S','test')
2018-11-30 16:59:49,998 [52] DEBUG AtPar.Init.Repos.ManageProfilesRepository [AtPar-System] [Init] [S] - GetprofileParametersIdCount:
2018-11-30 16:59:49,998 [52] INFO  AtPar.Init.Repos.ManageProfilesRepository [AtPar-System] [Init] [S] - GetprofileParametersIdCount: Query: SELECT COUNT(PARAMETER_ID) FROM ATPAR_MT_AJAYWEB411.MT_ATPAR_PROFILE_PARAMETERS WHERE PROFILE_ID='t1' AND APP_ID='4' AND PARAMETER_ID='DEFAULT_BEEP_FREQUENCY'
2018-11-30 16:59:50,001 [52] DEBUG AtPar.Init.Repos.ManageProfilesRepository [AtPar-System] [Init] [S] - InsertprofileParameters:
2018-11-30 16:59:50,001 [52] INFO  AtPar.Init.Repos.ManageProfilesRepository [AtPar-System] [Init] [S] - InsertprofileParameters: Query: INSERT INTO ATPAR_MT_AJAYWEB411.MT_ATPAR_PROFILE_PARAMETERS(PROFILE_ID, APP_ID,PARAMETER_ID, PARAMETER_VALUE, LAST_UPDATE_DATE, LAST_UPDATE_USER, LAST_CLIENT_ADDRESS) VALUES('t1','4','DEFAULT_BEEP_FREQUENCY','750','11/30/2018 4:59:50 PM','S','test')
2018-11-30 16:59:50,005 [52] DEBUG AtPar.Init.Repos.ManageProfilesRepository [AtPar-System] [Init] [S] - GetprofileParametersIdCount:
2018-11-30 16:59:50,006 [52] INFO  AtPar.Init.Repos.ManageProfilesRepository [AtPar-System] [Init] [S] - GetprofileParametersIdCount: Query: SELECT COUNT(PARAMETER_ID) FROM ATPAR_MT_AJAYWEB411.MT_ATPAR_PROFILE_PARAMETERS WHERE PROFILE_ID='t1' AND APP_ID='4' AND PARAMETER_ID='DEFAULT_DATE_RANGE'
2018-11-30 16:59:50,009 [52] DEBUG AtPar.Init.Repos.ManageProfilesRepository [AtPar-System] [Init] [S] - InsertprofileParameters:
2018-11-30 16:59:50,010 [52] INFO  AtPar.Init.Repos.ManageProfilesRepository [AtPar-System] [Init] [S] - InsertprofileParameters: Query: INSERT INTO ATPAR_MT_AJAYWEB411.MT_ATPAR_PROFILE_PARAMETERS(PROFILE_ID, APP_ID,PARAMETER_ID, PARAMETER_VALUE, LAST_UPDATE_DATE, LAST_UPDATE_USER, LAST_CLIENT_ADDRESS) VALUES('t1','4','DEFAULT_DATE_RANGE','30','11/30/2018 4:59:50 PM','S','test')
2018-11-30 16:59:50,013 [52] DEBUG AtPar.Init.Repos.ManageProfilesRepository [AtPar-System] [Init] [S] - GetprofileParametersIdCount:
2018-11-30 16:59:50,014 [52] INFO  AtPar.Init.Repos.ManageProfilesRepository [AtPar-System] [Init] [S] - GetprofileParametersIdCount: Query: SELECT COUNT(PARAMETER_ID) FROM ATPAR_MT_AJAYWEB411.MT_ATPAR_PROFILE_PARAMETERS WHERE PROFILE_ID='t1' AND APP_ID='4' AND PARAMETER_ID='DEFAULT_INPUT'
2018-11-30 16:59:50,016 [52] DEBUG AtPar.Init.Repos.ManageProfilesRepository [AtPar-System] [Init] [S] - InsertprofileParameters:
2018-11-30 16:59:50,017 [52] INFO  AtPar.Init.Repos.ManageProfilesRepository [AtPar-System] [Init] [S] - InsertprofileParameters: Query: INSERT INTO ATPAR_MT_AJAYWEB411.MT_ATPAR_PROFILE_PARAMETERS(PROFILE_ID, APP_ID,PARAMETER_ID, PARAMETER_VALUE, LAST_UPDATE_DATE, LAST_UPDATE_USER, LAST_CLIENT_ADDRESS) VALUES('t1','4','DEFAULT_INPUT','N','11/30/2018 4:59:50 PM','S','test')
2018-11-30 16:59:50,021 [52] DEBUG AtPar.Init.Repos.ManageProfilesRepository [AtPar-System] [Init] [S] - GetprofileParametersIdCount:
2018-11-30 16:59:50,021 [52] INFO  AtPar.Init.Repos.ManageProfilesRepository [AtPar-System] [Init] [S] - GetprofileParametersIdCount: Query: SELECT COUNT(PARAMETER_ID) FROM ATPAR_MT_AJAYWEB411.MT_ATPAR_PROFILE_PARAMETERS WHERE PROFILE_ID='t1' AND APP_ID='4' AND PARAMETER_ID='DEFAULT_LABEL_PRINTER'
2018-11-30 16:59:50,025 [52] DEBUG AtPar.Init.Repos.ManageProfilesRepository [AtPar-System] [Init] [S] - InsertprofileParameters:
2018-11-30 16:59:50,026 [52] INFO  AtPar.Init.Repos.ManageProfilesRepository [AtPar-System] [Init] [S] - InsertprofileParameters: Query: INSERT INTO ATPAR_MT_AJAYWEB411.MT_ATPAR_PROFILE_PARAMETERS(PROFILE_ID, APP_ID,PARAMETER_ID, PARAMETER_VALUE, LAST_UPDATE_DATE, LAST_UPDATE_USER, LAST_CLIENT_ADDRESS) VALUES('t1','4','DEFAULT_LABEL_PRINTER','fgh'hjh','11/30/2018 4:59:50 PM','S','test')
2018-11-30 16:59:50,458 [52] FATAL AtPar.Init.Repos.ManageProfilesRepository [AtPar-System] [Init] [S] - Exception: System.Data.SqlClient.SqlException (0x80131904): Incorrect syntax near 'hjh'.
Unclosed quotation mark after the character string ')'.
   at System.Data.SqlClient.SqlConnection.OnError(SqlException exception, Boolean breakConnection, Action`1 wrapCloseInAction)
   at System.Data.SqlClient.TdsParser.ThrowExceptionAndWarning(TdsParserStateObject stateObj, Boolean callerHasConnectionLock, Boolean asyncClose)
   at System.Data.SqlClient.TdsParser.TryRun(RunBehavior runBehavior, SqlCommand cmdHandler, SqlDataReader dataStream, BulkCopySimpleResultSet bulkCopyHandler, TdsParserStateObject stateObj, Boolean& dataReady)
   at System.Data.SqlClient.SqlCommand.RunExecuteNonQueryTds(String methodName, Boolean async, Int32 timeout, Boolean asyncWrite)
   at System.Data.SqlClient.SqlCommand.InternalExecuteNonQuery(TaskCompletionSource`1 completion, String methodName, Boolean sendToPipe, Int32 timeout, Boolean& usedCache, Boolean asyncWrite, Boolean inRetry)
   at System.Data.SqlClient.SqlCommand.ExecuteNonQuery()
   at System.Data.Entity.Infrastructure.Interception.InternalDispatcher`1.Dispatch[TTarget,TInterceptionContext,TResult](TTarget target, Func`3 operation, TInterceptionContext interceptionContext, Action`3 executing, Action`3 executed)
   at System.Data.Entity.Infrastructure.Interception.DbCommandDispatcher.NonQuery(DbCommand command, DbCommandInterceptionContext interceptionContext)
   at System.Data.Entity.Core.Objects.ObjectContext.ExecuteInTransaction[T](Func`1 func, IDbExecutionStrategy executionStrategy, Boolean startLocalTransaction, Boolean releaseConnectionOnSuccess)
   at System.Data.Entity.Core.Objects.ObjectContext.<>c__DisplayClass59.<ExecuteStoreCommand>b__57()
   at System.Data.Entity.SqlServer.DefaultSqlExecutionStrategy.Execute[TResult](Func`1 operation)
   at AtPar.Init.Repos.ManageProfilesRepository.InsertprofileParameters(String profileID, String userID, String clientAddr, MT_ATPAR_PROFILE_PARAMETERS profileParameter, ATPAR_MT_Context objContext)
ClientConnectionId:cf70863d-33d9-40d5-80a2-10e476fb14d5
Error Number:102,State:1,Class:15
 Query: INSERT INTO ATPAR_MT_AJAYWEB411.MT_ATPAR_PROFILE_PARAMETERS(PROFILE_ID, APP_ID,PARAMETER_ID, PARAMETER_VALUE, LAST_UPDATE_DATE, LAST_UPDATE_USER, LAST_CLIENT_ADDRESS) VALUES('t1','4','DEFAULT_LABEL_PRINTER','fgh'hjh','11/30/2018 4:59:50 PM','S','test'):
2018-11-30 16:59:50,584 [52] DEBUG AtPar.Common.Repos.CommonRepository [AtPar-System] [Init] [S] - GetStatusMessage:
2018-11-30 16:59:50,591 [52] INFO  AtPar.Common.Repos.CommonRepository [AtPar-System] [Init] [S] - GetStatusMessage: Query: :
2018-11-30 16:59:50,594 [52] FATAL AtPar.Init.Service.ManageProfilesService [AtPar-System] [Init] [S] - UpdateProfileInfoStatusCode:1102202 Status Message : Failed to Insert Status Type : 1 
